Operating system: Microsoft Windows NT 6.2.9200.0
Opening INI file "\\Mac\Home\Documents\installers\game disassemblies\Sonic 2\Sonic 2 Orion's Build\SonLVL INI Files\SonLVL.ini"...
Game type is S2.
Loading Emerald Hill Zone Act 1...
Loading palette file "../art/palettes/SonicAndTails.bin"...
Source: 0 Destination: 0 Length: 16
Loading 128x128 chunks from file "../mappings/128x128/EHZ_HTZ.bin", using compression Kosinski...
Loading 8x8 tiles from file "../art/kosinski/EHZ_HTZ.bin", using compression Kosinski...
Loading 16x16 blocks from file "../mappings/16x16/EHZ.bin", using compression Kosinski...
Loading palette file "../art/palettes/EHZ.bin"...
Source: 0 Destination: 16 Length: 48
Loading layout from file "../level/layout/EHZ_1.bin", using compression Kosinski...
Loading layout from file "../level/layout/EHZ_2.bin", using compression Kosinski...
Loading layout from file "../level/layout/HTZ_1.bin", using compression Kosinski...
Loading layout from file "../level/layout/HTZ_2.bin", using compression Kosinski...
Loading object definition file "obj.ini".
Loading object definition file "objEHZ.ini".
Loading ObjectDefinition type S2ObjectDefinitions.Common.PathSwapper from "Common\PathSwapper.cs"...
Compiling code file...
Loading ObjectDefinition type S2ObjectDefinitions.Common.InvisibleBlock from "Common\InvisibleBlock.cs"...
Compiling code file...
Loading ObjectDefinition type S2ObjectDefinitions.EHZ.TwistingPathway from "EHZ\TwistingPathway.cs"...
Compiling code file...
Loading ObjectDefinition type S2ObjectDefinitions.EHZ.Bridge from "EHZ\Bridge.cs"...
Compiling code file...
Building code file...
Compiling code file...
Compile failed.
Errors:
\\mac\home\Documents\installers\game disassemblies\Sonic 2\Sonic 2 Orion's Build\SonLVL INI Files\Common\PathSwapper.cs(30,25) : error CS1502: The best overloaded method match for 'SonicRetro.SonLVL.API.ObjectHelper.MapToBmp(byte[], byte[], int, int, bool, SonicRetro.SonLVL.API.EngineVersion)' has some invalid arguments
\\mac\home\Documents\installers\game disassemblies\Sonic 2\Sonic 2 Orion's Build\SonLVL INI Files\Common\PathSwapper.cs(30,56) : error CS1503: Argument 2: cannot convert from 'string' to 'byte[]'

Compile succeeded.
Compile succeeded.
Compile succeeded.
Compile succeeded.
Loading objects from file "../level/objects/EHZ_1.bin", using compression Uncompressed...
Loading rings from file "../level/rings/EHZ_1.bin", using compression Uncompressed...
Loading start position "Level Start" from file "../startpos/EHZ_1.bin"...
Drawing block bitmaps...
Drawing chunk bitmaps...
Level loaded in 1.3278353 second(s).
Load completed.
Loading Mystic Cave Zone Act 2...
Loading palette file "../art/palettes/SonicAndTails.bin"...
Source: 0 Destination: 0 Length: 16
Loading 16x16 blocks from file "../mappings/16x16/MCZ.bin", using compression Kosinski...
Loading 8x8 tiles from file "../art/kosinski/MCZ.bin", using compression Kosinski...
Loading layout from file "../level/layout/MCZ_2.bin", using compression Kosinski...
Loading 128x128 chunks from file "../mappings/128x128/MCZ.bin", using compression Kosinski...
Loading palette file "../art/palettes/MCZ.bin"...
Source: 0 Destination: 16 Length: 48
Loading layout from file "../level/layout/MCZ_1.bin", using compression Kosinski...
Loading object definition file "obj.ini".
Loading object definition file "objMCZ.ini".
Loading ObjectDefinition type S2ObjectDefinitions.Common.InvisibleBlock from "Common\InvisibleBlock.cs"...
Loading ObjectDefinition type S2ObjectDefinitions.Common.PathSwapper from "Common\PathSwapper.cs"...
Loading type from cached assembly "dllcache\S2ObjectDefinitions.Common.InvisibleBlock.dll"...
Compiling code file...
Loading type from cached assembly "dllcache\S2ObjectDefinitions.Common.Spikes.dll"...
Compile failed.
Errors:
\\mac\home\Documents\installers\game disassemblies\Sonic 2\Sonic 2 Orion's Build\SonLVL INI Files\Common\PathSwapper.cs(30,25) : error CS1502: The best overloaded method match for 'SonicRetro.SonLVL.API.ObjectHelper.MapToBmp(byte[], byte[], int, int, bool, SonicRetro.SonLVL.API.EngineVersion)' has some invalid arguments
\\mac\home\Documents\installers\game disassemblies\Sonic 2\Sonic 2 Orion's Build\SonLVL INI Files\Common\PathSwapper.cs(30,56) : error CS1503: Argument 2: cannot convert from 'string' to 'byte[]'

Building code file...
Compiling code file...
Compile succeeded.
Loading start position "Level Start" from file "../startpos/MCZ_2.bin"...
Loading objects from file "../level/objects/MCZ_2.bin", using compression Uncompressed...
Loading rings from file "../level/rings/MCZ_2.bin", using compression Uncompressed...
Drawing block bitmaps...
Drawing chunk bitmaps...
Level loaded in 1.7817564 second(s).
Load completed.
Loading Emerald Hill Zone Act 1...
Loading 16x16 blocks from file "../mappings/16x16/EHZ.bin", using compression Kosinski...
Loading 128x128 chunks from file "../mappings/128x128/EHZ_HTZ.bin", using compression Kosinski...
Loading 8x8 tiles from file "../art/kosinski/EHZ_HTZ.bin", using compression Kosinski...
Loading layout from file "../level/layout/EHZ_1.bin", using compression Kosinski...
Loading palette file "../art/palettes/SonicAndTails.bin"...
Source: 0 Destination: 0 Length: 16
Loading layout from file "../level/layout/EHZ_2.bin", using compression Kosinski...
Loading palette file "../art/palettes/EHZ.bin"...
Source: 0 Destination: 16 Length: 48
Loading layout from file "../level/layout/HTZ_1.bin", using compression Kosinski...
Loading layout from file "../level/layout/HTZ_2.bin", using compression Kosinski...
Loading object definition file "obj.ini".
Loading object definition file "objEHZ.ini".
Loading ObjectDefinition type S2ObjectDefinitions.Common.PathSwapper from "Common\PathSwapper.cs"...
Compiling code file...
Loading ObjectDefinition type S2ObjectDefinitions.Common.InvisibleBlock from "Common\InvisibleBlock.cs"...
Loading type from cached assembly "dllcache\S2ObjectDefinitions.Common.InvisibleBlock.dll"...
Loading ObjectDefinition type S2ObjectDefinitions.EHZ.TwistingPathway from "EHZ\TwistingPathway.cs"...
Loading type from cached assembly "dllcache\S2ObjectDefinitions.EHZ.TwistingPathway.dll"...
Loading ObjectDefinition type S2ObjectDefinitions.EHZ.Bridge from "EHZ\Bridge.cs"...
Loading type from cached assembly "dllcache\S2ObjectDefinitions.EHZ.Bridge.dll"...
Loading type from cached assembly "dllcache\S2ObjectDefinitions.Common.Spikes.dll"...
Compile failed.
Errors:
\\mac\home\Documents\installers\game disassemblies\Sonic 2\Sonic 2 Orion's Build\SonLVL INI Files\Common\PathSwapper.cs(30,25) : error CS1502: The best overloaded method match for 'SonicRetro.SonLVL.API.ObjectHelper.MapToBmp(byte[], byte[], int, int, bool, SonicRetro.SonLVL.API.EngineVersion)' has some invalid arguments
\\mac\home\Documents\installers\game disassemblies\Sonic 2\Sonic 2 Orion's Build\SonLVL INI Files\Common\PathSwapper.cs(30,56) : error CS1503: Argument 2: cannot convert from 'string' to 'byte[]'

Loading objects from file "../level/objects/EHZ_1.bin", using compression Uncompressed...
Loading start position "Level Start" from file "../startpos/EHZ_1.bin"...
Loading rings from file "../level/rings/EHZ_1.bin", using compression Uncompressed...
Drawing block bitmaps...
Drawing chunk bitmaps...
Level loaded in 1.2840285 second(s).
Load completed.
Loading Aquatic Ruin Zone Act 1...
Loading palette file "../art/palettes/SonicAndTails.bin"...
Source: 0 Destination: 0 Length: 16
Loading 128x128 chunks from file "../mappings/128x128/ARZ.bin", using compression Kosinski...
Loading 8x8 tiles from file "../art/kosinski/ARZ.bin", using compression Kosinski...
Loading 16x16 blocks from file "../mappings/16x16/ARZ.bin", using compression Kosinski...
Loading layout from file "../level/layout/ARZ_1.bin", using compression Kosinski...
Loading palette file "../art/palettes/ARZ.bin"...
Source: 0 Destination: 16 Length: 48
Loading layout from file "../level/layout/ARZ_2.bin", using compression Kosinski...
Loading palette file "../art/palettes/ARZ underwater.bin"...
Source: 0 Destination: 0 Length: 64
Loading object definition file "obj.ini".
Loading object definition file "objARZ.ini".
Loading ObjectDefinition type S2ObjectDefinitions.Common.PathSwapper from "Common\PathSwapper.cs"...
Loading ObjectDefinition type S2ObjectDefinitions.Common.InvisibleBlock from "Common\InvisibleBlock.cs"...
Loading type from cached assembly "dllcache\S2ObjectDefinitions.Common.InvisibleBlock.dll"...
Compiling code file...
Building code file...
Compiling code file...
Loading type from cached assembly "dllcache\S2ObjectDefinitions.Common.Spikes.dll"...
Compile failed.
Errors:
\\mac\home\Documents\installers\game disassemblies\Sonic 2\Sonic 2 Orion's Build\SonLVL INI Files\Common\PathSwapper.cs(30,25) : error CS1502: The best overloaded method match for 'SonicRetro.SonLVL.API.ObjectHelper.MapToBmp(byte[], byte[], int, int, bool, SonicRetro.SonLVL.API.EngineVersion)' has some invalid arguments
\\mac\home\Documents\installers\game disassemblies\Sonic 2\Sonic 2 Orion's Build\SonLVL INI Files\Common\PathSwapper.cs(30,56) : error CS1503: Argument 2: cannot convert from 'string' to 'byte[]'

Compile succeeded.
Loading type from cached assembly "dllcache\S2ObjectDefinitions.ARZ.Bubbles.dll"...
Loading objects from file "../level/objects/ARZ_1.bin", using compression Uncompressed...
Loading rings from file "../level/rings/ARZ_1.bin", using compression Uncompressed...
Loading start position "Level Start" from file "../startpos/ARZ_1.bin"...
Drawing block bitmaps...
Drawing chunk bitmaps...
Level loaded in 1.6419115 second(s).
Load completed.
Loading Chemical Plant Zone Act 1...
Loading palette file "../art/palettes/SonicAndTails.bin"...
Source: 0 Destination: 0 Length: 16
Loading 16x16 blocks from file "../mappings/16x16/CPZ_DEZ.bin", using compression Kosinski...
Loading layout from file "../level/layout/CPZ_1.bin", using compression Kosinski...
Loading 8x8 tiles from file "../art/kosinski/CPZ_DEZ.bin", using compression Kosinski...
Loading 128x128 chunks from file "../mappings/128x128/CPZ_DEZ.bin", using compression Kosinski...
Loading palette file "../art/palettes/CPZ.bin"...
Source: 0 Destination: 16 Length: 48
Loading layout from file "../level/layout/CPZ_2.bin", using compression Kosinski...
Loading layout from file "../level/layout/DEZ.bin", using compression Kosinski...
Loading object definition file "obj.ini".
Loading object definition file "objCPZ.ini".
Loading ObjectDefinition type S2ObjectDefinitions.Common.PathSwapper from "Common\PathSwapper.cs"...
Compiling code file...
Loading ObjectDefinition type S2ObjectDefinitions.Common.InvisibleBlock from "Common\InvisibleBlock.cs"...
Loading type from cached assembly "dllcache\S2ObjectDefinitions.Common.InvisibleBlock.dll"...
Loading type from cached assembly "dllcache\S2ObjectDefinitions.Common.Spikes.dll"...
Compile failed.
Errors:
\\mac\home\Documents\installers\game disassemblies\Sonic 2\Sonic 2 Orion's Build\SonLVL INI Files\Common\PathSwapper.cs(30,25) : error CS1502: The best overloaded method match for 'SonicRetro.SonLVL.API.ObjectHelper.MapToBmp(byte[], byte[], int, int, bool, SonicRetro.SonLVL.API.EngineVersion)' has some invalid arguments
\\mac\home\Documents\installers\game disassemblies\Sonic 2\Sonic 2 Orion's Build\SonLVL INI Files\Common\PathSwapper.cs(30,56) : error CS1503: Argument 2: cannot convert from 'string' to 'byte[]'

Loading objects from file "../level/objects/CPZ_1.bin", using compression Uncompressed...
Loading rings from file "../level/rings/CPZ_1.bin", using compression Uncompressed...
Loading start position "Level Start" from file "../startpos/CPZ_1.bin"...
Drawing block bitmaps...
Drawing chunk bitmaps...
Level loaded in 1.2357353 second(s).
Load completed.
Loading Casino Night Zone Act 1...
Loading palette file "../art/palettes/SonicAndTails.bin"...
Source: 0 Destination: 0 Length: 16
Loading 16x16 blocks from file "../mappings/16x16/CNZ.bin", using compression Kosinski...
Loading 128x128 chunks from file "../mappings/128x128/CNZ.bin", using compression Kosinski...
Loading 8x8 tiles from file "../art/kosinski/CNZ.bin", using compression Kosinski...
Loading layout from file "../level/layout/CNZ_1.bin", using compression Kosinski...
Loading palette file "../art/palettes/CNZ.bin"...
Source: 0 Destination: 16 Length: 48
Loading layout from file "../level/layout/CNZ_2.bin", using compression Kosinski...
Loading object definition file "obj.ini".
Loading object definition file "objCNZ.ini".
Loading ObjectDefinition type S2ObjectDefinitions.Common.PathSwapper from "Common\PathSwapper.cs"...
Loading ObjectDefinition type S2ObjectDefinitions.Common.InvisibleBlock from "Common\InvisibleBlock.cs"...
Compiling code file...
Loading type from cached assembly "dllcache\S2ObjectDefinitions.Common.InvisibleBlock.dll"...
Loading type from cached assembly "dllcache\S2ObjectDefinitions.Common.Spikes.dll"...
Compile failed.
Errors:
\\mac\home\Documents\installers\game disassemblies\Sonic 2\Sonic 2 Orion's Build\SonLVL INI Files\Common\PathSwapper.cs(30,25) : error CS1502: The best overloaded method match for 'SonicRetro.SonLVL.API.ObjectHelper.MapToBmp(byte[], byte[], int, int, bool, SonicRetro.SonLVL.API.EngineVersion)' has some invalid arguments
\\mac\home\Documents\installers\game disassemblies\Sonic 2\Sonic 2 Orion's Build\SonLVL INI Files\Common\PathSwapper.cs(30,56) : error CS1503: Argument 2: cannot convert from 'string' to 'byte[]'

Loading objects from file "../level/objects/CNZ_1.bin", using compression Uncompressed...
Loading rings from file "../level/rings/CNZ_1.bin", using compression Uncompressed...
Loading start position "Level Start" from file "../startpos/CNZ_1.bin"...
Loading bumpers from file "../level/objects/CNZ 1 bumpers.bin", using compression Uncompressed...
Drawing block bitmaps...
Drawing chunk bitmaps...
Level loaded in 1.1530884 second(s).
Load completed.
Loading Hill Top Zone Act 2...
Loading palette file "../art/palettes/SonicAndTails.bin"...
Source: 0 Destination: 0 Length: 16
Loading 16x16 blocks from file "../mappings/16x16/EHZ.bin", using compression Kosinski...
Loading layout from file "../level/layout/HTZ_2.bin", using compression Kosinski...
Loading 128x128 chunks from file "../mappings/128x128/EHZ_HTZ.bin", using compression Kosinski...
Loading 8x8 tiles from file "../art/kosinski/EHZ_HTZ.bin", using compression Kosinski...
Loading layout from file "../level/layout/EHZ_1.bin", using compression Kosinski...
Loading 16x16 blocks from file "../mappings/16x16/HTZ.bin", using compression Kosinski...
Loading palette file "../art/palettes/HTZ.bin"...
Source: 0 Destination: 16 Length: 48
Loading 8x8 tiles from file "../art/kosinski/HTZ_Supp.bin", using compression Kosinski...
Loading layout from file "../level/layout/EHZ_2.bin", using compression Kosinski...
Loading layout from file "../level/layout/HTZ_1.bin", using compression Kosinski...
Loading object definition file "obj.ini".
Loading object definition file "objHTZ.ini".
Loading ObjectDefinition type S2ObjectDefinitions.Common.PathSwapper from "Common\PathSwapper.cs"...
Loading ObjectDefinition type S2ObjectDefinitions.Common.InvisibleBlock from "Common\InvisibleBlock.cs"...
Loading type from cached assembly "dllcache\S2ObjectDefinitions.Common.InvisibleBlock.dll"...
Compiling code file...
Unable to read file "../art/nemesis/Fireball 1 (Buzzer).bin" with compression Nemesis:
Loading type from cached assembly "dllcache\S2ObjectDefinitions.Common.Spikes.dll"...
Compile failed.
Errors:
\\mac\home\Documents\installers\game disassemblies\Sonic 2\Sonic 2 Orion's Build\SonLVL INI Files\Common\PathSwapper.cs(30,25) : error CS1502: The best overloaded method match for 'SonicRetro.SonLVL.API.ObjectHelper.MapToBmp(byte[], byte[], int, int, bool, SonicRetro.SonLVL.API.EngineVersion)' has some invalid arguments
\\mac\home\Documents\installers\game disassemblies\Sonic 2\Sonic 2 Orion's Build\SonLVL INI Files\Common\PathSwapper.cs(30,56) : error CS1503: Argument 2: cannot convert from 'string' to 'byte[]'

System.AggregateException: One or more errors occurred. ---> System.IO.FileNotFoundException: Could not find file '\\Mac\Home\Documents\installers\game disassemblies\Sonic 2\Sonic 2 Orion's Build\art\nemesis\Fireball 1 (Buzzer).bin'.
   at System.IO.__Error.WinIOError(Int32 errorCode, String maybeFullPath)
   at System.IO.FileStream.Init(String path, FileMode mode, FileAccess access, Int32 rights, Boolean useRights, FileShare share, Int32 bufferSize, FileOptions options, SECURITY_ATTRIBUTES secAttrs, String msgPath, Boolean bFromProxy, Boolean useLongPath, Boolean checkHost)
   at System.IO.FileStream..ctor(String path, FileMode mode, FileAccess access, FileShare share)
   at SonicRetro.KensSharp.Nemesis.Decompress(String sourceFilePath)
   at SonicRetro.SonLVL.API.Compression.Decompress(String file, CompressionType cmp) in D:\Programs\SonLVL\SonLVLAPI\Compression.cs:line 51
   at SonicRetro.SonLVL.API.LevelData.ReadFile(String file, CompressionType cmp) in D:\Programs\SonLVL\SonLVLAPI\LevelData.cs:line 1638
   at SonicRetro.SonLVL.API.XMLObjectDefinition.Init(ObjectData data) in D:\Programs\SonLVL\SonLVLAPI\ObjectDefinition.cs:line 705
   at SonicRetro.SonLVL.API.LevelData.<>c__DisplayClass102_0.<InitObjectDefinitions>b__0(KeyValuePair`2 group) in D:\Programs\SonLVL\SonLVLAPI\LevelData.cs:line 1578
   at System.Threading.Tasks.Parallel.<>c__DisplayClass42_0`2.<PartitionerForEachWorker>b__1()
   at System.Threading.Tasks.Task.InnerInvoke()
   at System.Threading.Tasks.Task.InnerInvokeWithArg(Task childTask)
   at System.Threading.Tasks.Task.<>c__DisplayClass176_0.<ExecuteSelfReplicating>b__0(Object <p0>)
   --- End of inner exception stack trace ---
   at System.Threading.Tasks.Task.ThrowIfExceptional(Boolean includeTaskCanceledExceptions)
   at System.Threading.Tasks.Task.Wait(Int32 millisecondsTimeout, CancellationToken cancellationToken)
   at System.Threading.Tasks.Task.Wait()
   at System.Threading.Tasks.Parallel.PartitionerForEachWorker[TSource,TLocal](Partitioner`1 source, ParallelOptions parallelOptions, Action`1 simpleBody, Action`2 bodyWithState, Action`3 bodyWithStateAndIndex, Func`4 bodyWithStateAndLocal, Func`5 bodyWithEverything, Func`1 localInit, Action`1 localFinally)
   at System.Threading.Tasks.Parallel.ForEachWorker[TSource,TLocal](IEnumerable`1 source, ParallelOptions parallelOptions, Action`1 body, Action`2 bodyWithState, Action`3 bodyWithStateAndIndex, Func`4 bodyWithStateAndLocal, Func`5 bodyWithEverything, Func`1 localInit, Action`1 localFinally)
   at System.Threading.Tasks.Parallel.ForEach[TSource](IEnumerable`1 source, Action`1 body)
   at SonicRetro.SonLVL.API.LevelData.InitObjectDefinitions() in D:\Programs\SonLVL\SonLVLAPI\LevelData.cs:line 1505
   at SonicRetro.SonLVL.API.LevelData.LoadLevel(String levelname, Boolean loadGraphics) in D:\Programs\SonLVL\SonLVLAPI\LevelData.cs:line 319
   at SonicRetro.SonLVL.GUI.MainForm.backgroundLevelLoader_DoWork(Object sender, DoWorkEventArgs e) in D:\Programs\SonLVL\SonLVL\MainForm.cs:line 574
---> (Inner Exception #0) System.IO.FileNotFoundException: Could not find file '\\Mac\Home\Documents\installers\game disassemblies\Sonic 2\Sonic 2 Orion's Build\art\nemesis\Fireball 1 (Buzzer).bin'.
File name: '\\Mac\Home\Documents\installers\game disassemblies\Sonic 2\Sonic 2 Orion's Build\art\nemesis\Fireball 1 (Buzzer).bin'
   at System.IO.__Error.WinIOError(Int32 errorCode, String maybeFullPath)
   at System.IO.FileStream.Init(String path, FileMode mode, FileAccess access, Int32 rights, Boolean useRights, FileShare share, Int32 bufferSize, FileOptions options, SECURITY_ATTRIBUTES secAttrs, String msgPath, Boolean bFromProxy, Boolean useLongPath, Boolean checkHost)
   at System.IO.FileStream..ctor(String path, FileMode mode, FileAccess access, FileShare share)
   at SonicRetro.KensSharp.Nemesis.Decompress(String sourceFilePath)
   at SonicRetro.SonLVL.API.Compression.Decompress(String file, CompressionType cmp) in D:\Programs\SonLVL\SonLVLAPI\Compression.cs:line 51
   at SonicRetro.SonLVL.API.LevelData.ReadFile(String file, CompressionType cmp) in D:\Programs\SonLVL\SonLVLAPI\LevelData.cs:line 1638
   at SonicRetro.SonLVL.API.XMLObjectDefinition.Init(ObjectData data) in D:\Programs\SonLVL\SonLVLAPI\ObjectDefinition.cs:line 705
   at SonicRetro.SonLVL.API.LevelData.<>c__DisplayClass102_0.<InitObjectDefinitions>b__0(KeyValuePair`2 group) in D:\Programs\SonLVL\SonLVLAPI\LevelData.cs:line 1578
   at System.Threading.Tasks.Parallel.<>c__DisplayClass42_0`2.<PartitionerForEachWorker>b__1()
   at System.Threading.Tasks.Task.InnerInvoke()
   at System.Threading.Tasks.Task.InnerInvokeWithArg(Task childTask)
   at System.Threading.Tasks.Task.<>c__DisplayClass176_0.<ExecuteSelfReplicating>b__0(Object <p0>)<---

Loading Hill Top Zone Act 1...
Loading palette file "../art/palettes/SonicAndTails.bin"...
Source: 0 Destination: 0 Length: 16
Loading 16x16 blocks from file "../mappings/16x16/EHZ.bin", using compression Kosinski...
Loading 128x128 chunks from file "../mappings/128x128/EHZ_HTZ.bin", using compression Kosinski...
Loading layout from file "../level/layout/HTZ_1.bin", using compression Kosinski...
Loading 8x8 tiles from file "../art/kosinski/EHZ_HTZ.bin", using compression Kosinski...
Loading palette file "../art/palettes/HTZ.bin"...
Source: 0 Destination: 16 Length: 48
Loading 16x16 blocks from file "../mappings/16x16/HTZ.bin", using compression Kosinski...
Loading layout from file "../level/layout/EHZ_1.bin", using compression Kosinski...
Loading 8x8 tiles from file "../art/kosinski/HTZ_Supp.bin", using compression Kosinski...
Loading layout from file "../level/layout/EHZ_2.bin", using compression Kosinski...
Loading layout from file "../level/layout/HTZ_2.bin", using compression Kosinski...
Loading object definition file "obj.ini".
Loading object definition file "objHTZ.ini".
Loading ObjectDefinition type S2ObjectDefinitions.Common.PathSwapper from "Common\PathSwapper.cs"...
Compiling code file...
Loading ObjectDefinition type S2ObjectDefinitions.Common.InvisibleBlock from "Common\InvisibleBlock.cs"...
Loading type from cached assembly "dllcache\S2ObjectDefinitions.Common.InvisibleBlock.dll"...
Unable to read file "../art/nemesis/Fireball 1 (Buzzer).bin" with compression Nemesis:
Loading type from cached assembly "dllcache\S2ObjectDefinitions.Common.Spikes.dll"...
Compile failed.
Errors:
\\mac\home\Documents\installers\game disassemblies\Sonic 2\Sonic 2 Orion's Build\SonLVL INI Files\Common\PathSwapper.cs(30,25) : error CS1502: The best overloaded method match for 'SonicRetro.SonLVL.API.ObjectHelper.MapToBmp(byte[], byte[], int, int, bool, SonicRetro.SonLVL.API.EngineVersion)' has some invalid arguments
\\mac\home\Documents\installers\game disassemblies\Sonic 2\Sonic 2 Orion's Build\SonLVL INI Files\Common\PathSwapper.cs(30,56) : error CS1503: Argument 2: cannot convert from 'string' to 'byte[]'

System.AggregateException: One or more errors occurred. ---> System.IO.FileNotFoundException: Could not find file '\\Mac\Home\Documents\installers\game disassemblies\Sonic 2\Sonic 2 Orion's Build\art\nemesis\Fireball 1 (Buzzer).bin'.
   at System.IO.__Error.WinIOError(Int32 errorCode, String maybeFullPath)
   at System.IO.FileStream.Init(String path, FileMode mode, FileAccess access, Int32 rights, Boolean useRights, FileShare share, Int32 bufferSize, FileOptions options, SECURITY_ATTRIBUTES secAttrs, String msgPath, Boolean bFromProxy, Boolean useLongPath, Boolean checkHost)
   at System.IO.FileStream..ctor(String path, FileMode mode, FileAccess access, FileShare share)
   at SonicRetro.KensSharp.Nemesis.Decompress(String sourceFilePath)
   at SonicRetro.SonLVL.API.Compression.Decompress(String file, CompressionType cmp) in D:\Programs\SonLVL\SonLVLAPI\Compression.cs:line 51
   at SonicRetro.SonLVL.API.LevelData.ReadFile(String file, CompressionType cmp) in D:\Programs\SonLVL\SonLVLAPI\LevelData.cs:line 1638
   at SonicRetro.SonLVL.API.XMLObjectDefinition.Init(ObjectData data) in D:\Programs\SonLVL\SonLVLAPI\ObjectDefinition.cs:line 705
   at SonicRetro.SonLVL.API.LevelData.<>c__DisplayClass102_0.<InitObjectDefinitions>b__0(KeyValuePair`2 group) in D:\Programs\SonLVL\SonLVLAPI\LevelData.cs:line 1578
   at System.Threading.Tasks.Parallel.<>c__DisplayClass42_0`2.<PartitionerForEachWorker>b__1()
   at System.Threading.Tasks.Task.InnerInvoke()
   at System.Threading.Tasks.Task.InnerInvokeWithArg(Task childTask)
   at System.Threading.Tasks.Task.<>c__DisplayClass176_0.<ExecuteSelfReplicating>b__0(Object <p0>)
   --- End of inner exception stack trace ---
   at System.Threading.Tasks.Task.ThrowIfExceptional(Boolean includeTaskCanceledExceptions)
   at System.Threading.Tasks.Task.Wait(Int32 millisecondsTimeout, CancellationToken cancellationToken)
   at System.Threading.Tasks.Task.Wait()
   at System.Threading.Tasks.Parallel.PartitionerForEachWorker[TSource,TLocal](Partitioner`1 source, ParallelOptions parallelOptions, Action`1 simpleBody, Action`2 bodyWithState, Action`3 bodyWithStateAndIndex, Func`4 bodyWithStateAndLocal, Func`5 bodyWithEverything, Func`1 localInit, Action`1 localFinally)
   at System.Threading.Tasks.Parallel.ForEachWorker[TSource,TLocal](IEnumerable`1 source, ParallelOptions parallelOptions, Action`1 body, Action`2 bodyWithState, Action`3 bodyWithStateAndIndex, Func`4 bodyWithStateAndLocal, Func`5 bodyWithEverything, Func`1 localInit, Action`1 localFinally)
   at System.Threading.Tasks.Parallel.ForEach[TSource](IEnumerable`1 source, Action`1 body)
   at SonicRetro.SonLVL.API.LevelData.InitObjectDefinitions() in D:\Programs\SonLVL\SonLVLAPI\LevelData.cs:line 1505
   at SonicRetro.SonLVL.API.LevelData.LoadLevel(String levelname, Boolean loadGraphics) in D:\Programs\SonLVL\SonLVLAPI\LevelData.cs:line 319
   at SonicRetro.SonLVL.GUI.MainForm.backgroundLevelLoader_DoWork(Object sender, DoWorkEventArgs e) in D:\Programs\SonLVL\SonLVL\MainForm.cs:line 574
---> (Inner Exception #0) System.IO.FileNotFoundException: Could not find file '\\Mac\Home\Documents\installers\game disassemblies\Sonic 2\Sonic 2 Orion's Build\art\nemesis\Fireball 1 (Buzzer).bin'.
File name: '\\Mac\Home\Documents\installers\game disassemblies\Sonic 2\Sonic 2 Orion's Build\art\nemesis\Fireball 1 (Buzzer).bin'
   at System.IO.__Error.WinIOError(Int32 errorCode, String maybeFullPath)
   at System.IO.FileStream.Init(String path, FileMode mode, FileAccess access, Int32 rights, Boolean useRights, FileShare share, Int32 bufferSize, FileOptions options, SECURITY_ATTRIBUTES secAttrs, String msgPath, Boolean bFromProxy, Boolean useLongPath, Boolean checkHost)
   at System.IO.FileStream..ctor(String path, FileMode mode, FileAccess access, FileShare share)
   at SonicRetro.KensSharp.Nemesis.Decompress(String sourceFilePath)
   at SonicRetro.SonLVL.API.Compression.Decompress(String file, CompressionType cmp) in D:\Programs\SonLVL\SonLVLAPI\Compression.cs:line 51
   at SonicRetro.SonLVL.API.LevelData.ReadFile(String file, CompressionType cmp) in D:\Programs\SonLVL\SonLVLAPI\LevelData.cs:line 1638
   at SonicRetro.SonLVL.API.XMLObjectDefinition.Init(ObjectData data) in D:\Programs\SonLVL\SonLVLAPI\ObjectDefinition.cs:line 705
   at SonicRetro.SonLVL.API.LevelData.<>c__DisplayClass102_0.<InitObjectDefinitions>b__0(KeyValuePair`2 group) in D:\Programs\SonLVL\SonLVLAPI\LevelData.cs:line 1578
   at System.Threading.Tasks.Parallel.<>c__DisplayClass42_0`2.<PartitionerForEachWorker>b__1()
   at System.Threading.Tasks.Task.InnerInvoke()
   at System.Threading.Tasks.Task.InnerInvokeWithArg(Task childTask)
   at System.Threading.Tasks.Task.<>c__DisplayClass176_0.<ExecuteSelfReplicating>b__0(Object <p0>)<---

Loading Mystic Cave Zone Act 1...
Loading palette file "../art/palettes/SonicAndTails.bin"...
Source: 0 Destination: 0 Length: 16
Loading 16x16 blocks from file "../mappings/16x16/MCZ.bin", using compression Kosinski...
Loading 8x8 tiles from file "../art/kosinski/MCZ.bin", using compression Kosinski...
Loading layout from file "../level/layout/MCZ_1.bin", using compression Kosinski...
Loading 128x128 chunks from file "../mappings/128x128/MCZ.bin", using compression Kosinski...
Loading palette file "../art/palettes/MCZ.bin"...
Source: 0 Destination: 16 Length: 48
Loading layout from file "../level/layout/MCZ_2.bin", using compression Kosinski...
Loading object definition file "obj.ini".
Loading object definition file "objMCZ.ini".
Loading ObjectDefinition type S2ObjectDefinitions.Common.PathSwapper from "Common\PathSwapper.cs"...
Loading ObjectDefinition type S2ObjectDefinitions.Common.InvisibleBlock from "Common\InvisibleBlock.cs"...
Compiling code file...
Loading type from cached assembly "dllcache\S2ObjectDefinitions.Common.InvisibleBlock.dll"...
Compile failed.
Errors:
\\mac\home\Documents\installers\game disassemblies\Sonic 2\Sonic 2 Orion's Build\SonLVL INI Files\Common\PathSwapper.cs(30,25) : error CS1502: The best overloaded method match for 'SonicRetro.SonLVL.API.ObjectHelper.MapToBmp(byte[], byte[], int, int, bool, SonicRetro.SonLVL.API.EngineVersion)' has some invalid arguments
\\mac\home\Documents\installers\game disassemblies\Sonic 2\Sonic 2 Orion's Build\SonLVL INI Files\Common\PathSwapper.cs(30,56) : error CS1503: Argument 2: cannot convert from 'string' to 'byte[]'

Loading type from cached assembly "dllcache\S2ObjectDefinitions.Common.Spikes.dll"...
Loading type from cached assembly "dllcache\S2ObjectDefinitions.MCZ.SwingingPlatform.dll"...
Loading start position "Level Start" from file "../startpos/MCZ_1.bin"...
Loading objects from file "../level/objects/MCZ_1.bin", using compression Uncompressed...
Loading rings from file "../level/rings/MCZ_1.bin", using compression Uncompressed...
Drawing block bitmaps...
Drawing chunk bitmaps...
Level loaded in 1.8269103 second(s).
Load completed.
Loading Oil Ocean Zone Act 2...
Loading palette file "../art/palettes/SonicAndTails.bin"...
Source: 0 Destination: 0 Length: 16
Loading 16x16 blocks from file "../mappings/16x16/OOZ.bin", using compression Kosinski...
Loading layout from file "../level/layout/OOZ_2.bin", using compression Kosinski...
Loading 128x128 chunks from file "../mappings/128x128/OOZ.bin", using compression Kosinski...
Loading 8x8 tiles from file "../art/kosinski/OOZ.bin", using compression Kosinski...
Loading palette file "../art/palettes/OOZ.bin"...
Source: 0 Destination: 16 Length: 48
Loading layout from file "../level/layout/OOZ_1.bin", using compression Kosinski...
Loading object definition file "obj.ini".
Loading object definition file "objOOZ.ini".
Loading ObjectDefinition type S2ObjectDefinitions.Common.InvisibleBlock from "Common\InvisibleBlock.cs"...
Loading ObjectDefinition type S2ObjectDefinitions.Common.PathSwapper from "Common\PathSwapper.cs"...
Loading type from cached assembly "dllcache\S2ObjectDefinitions.Common.InvisibleBlock.dll"...
Compiling code file...
Building code file...
Compiling code file...
Loading type from cached assembly "dllcache\S2ObjectDefinitions.Common.Spikes.dll"...
Compile failed.
Errors:
\\mac\home\Documents\installers\game disassemblies\Sonic 2\Sonic 2 Orion's Build\SonLVL INI Files\Common\PathSwapper.cs(30,25) : error CS1502: The best overloaded method match for 'SonicRetro.SonLVL.API.ObjectHelper.MapToBmp(byte[], byte[], int, int, bool, SonicRetro.SonLVL.API.EngineVersion)' has some invalid arguments
\\mac\home\Documents\installers\game disassemblies\Sonic 2\Sonic 2 Orion's Build\SonLVL INI Files\Common\PathSwapper.cs(30,56) : error CS1503: Argument 2: cannot convert from 'string' to 'byte[]'

Compile succeeded.
Loading objects from file "../level/objects/OOZ_2.bin", using compression Uncompressed...
Loading start position "Level Start" from file "../startpos/OOZ_2.bin"...
Loading rings from file "../level/rings/OOZ_2.bin", using compression Uncompressed...
Drawing block bitmaps...
Drawing chunk bitmaps...
Level loaded in 1.226888 second(s).
Load completed.
Loading Metropolis Zone Act 3...
Loading palette file "../art/palettes/SonicAndTails.bin"...
Source: 0 Destination: 0 Length: 16
Loading 8x8 tiles from file "../art/kosinski/MTZ.bin", using compression Kosinski...
Loading 16x16 blocks from file "../mappings/16x16/MTZ.bin", using compression Kosinski...
Loading 128x128 chunks from file "../mappings/128x128/MTZ.bin", using compression Kosinski...
Loading layout from file "../level/layout/MTZ_3.bin", using compression Kosinski...
Loading palette file "../art/palettes/MTZ.bin"...
Source: 0 Destination: 16 Length: 48
Loading layout from file "../level/layout/MTZ_1.bin", using compression Kosinski...
Loading layout from file "../level/layout/MTZ_2.bin", using compression Kosinski...
Loading object definition file "obj.ini".
Loading object definition file "objMTZ.ini".
Loading ObjectDefinition type S2ObjectDefinitions.Common.InvisibleBlock from "Common\InvisibleBlock.cs"...
Loading ObjectDefinition type S2ObjectDefinitions.Common.PathSwapper from "Common\PathSwapper.cs"...
Loading type from cached assembly "dllcache\S2ObjectDefinitions.Common.InvisibleBlock.dll"...
Compiling code file...
Loading type from cached assembly "dllcache\S2ObjectDefinitions.Common.Spikes.dll"...
Compile failed.
Errors:
\\mac\home\Documents\installers\game disassemblies\Sonic 2\Sonic 2 Orion's Build\SonLVL INI Files\Common\PathSwapper.cs(30,25) : error CS1502: The best overloaded method match for 'SonicRetro.SonLVL.API.ObjectHelper.MapToBmp(byte[], byte[], int, int, bool, SonicRetro.SonLVL.API.EngineVersion)' has some invalid arguments
\\mac\home\Documents\installers\game disassemblies\Sonic 2\Sonic 2 Orion's Build\SonLVL INI Files\Common\PathSwapper.cs(30,56) : error CS1503: Argument 2: cannot convert from 'string' to 'byte[]'

Loading rings from file "../level/rings/MTZ_3.bin", using compression Uncompressed...
Loading objects from file "../level/objects/MTZ_3.bin", using compression Uncompressed...
Loading start position "Level Start" from file "../startpos/MTZ_3.bin"...
Drawing block bitmaps...
Drawing chunk bitmaps...
Level loaded in 1.2438778 second(s).
Load completed.
Loading Sky Chase Zone...
Loading palette file "../art/palettes/SonicAndTails.bin"...
Source: 0 Destination: 0 Length: 16
Loading 8x8 tiles from file "../art/kosinski/WFZ_SCZ.bin", using compression Kosinski...
Loading layout from file "../level/layout/SCZ.bin", using compression Kosinski...
Loading 128x128 chunks from file "../mappings/128x128/WFZ_SCZ.bin", using compression Kosinski...
Loading 16x16 blocks from file "../mappings/16x16/WFZ_SCZ.bin", using compression Kosinski...
Loading palette file "../art/palettes/SCZ.bin"...
Source: 0 Destination: 16 Length: 48
Loading layout from file "../level/layout/WFZ.bin", using compression Kosinski...
Loading object definition file "obj.ini".
Loading object definition file "objSCZ.ini".
Loading ObjectDefinition type S2ObjectDefinitions.Common.InvisibleBlock from "Common\InvisibleBlock.cs"...
Loading ObjectDefinition type S2ObjectDefinitions.Common.PathSwapper from "Common\PathSwapper.cs"...
Loading type from cached assembly "dllcache\S2ObjectDefinitions.Common.InvisibleBlock.dll"...
Compiling code file...
Loading type from cached assembly "dllcache\S2ObjectDefinitions.Common.Spikes.dll"...
Compile failed.
Errors:
\\mac\home\Documents\installers\game disassemblies\Sonic 2\Sonic 2 Orion's Build\SonLVL INI Files\Common\PathSwapper.cs(30,25) : error CS1502: The best overloaded method match for 'SonicRetro.SonLVL.API.ObjectHelper.MapToBmp(byte[], byte[], int, int, bool, SonicRetro.SonLVL.API.EngineVersion)' has some invalid arguments
\\mac\home\Documents\installers\game disassemblies\Sonic 2\Sonic 2 Orion's Build\SonLVL INI Files\Common\PathSwapper.cs(30,56) : error CS1503: Argument 2: cannot convert from 'string' to 'byte[]'

System.AggregateException: One or more errors occurred. ---> System.IO.FileNotFoundException: Could not find file '\\Mac\Home\Documents\installers\game disassemblies\Sonic 2\Sonic 2 Orion's Build\mappings\sprite\objB3.bin'.
   at System.IO.__Error.WinIOError(Int32 errorCode, String maybeFullPath)
   at System.IO.FileStream.Init(String path, FileMode mode, FileAccess access, Int32 rights, Boolean useRights, FileShare share, Int32 bufferSize, FileOptions options, SECURITY_ATTRIBUTES secAttrs, String msgPath, Boolean bFromProxy, Boolean useLongPath, Boolean checkHost)
   at System.IO.FileStream..ctor(String path, FileMode mode, FileAccess access, FileShare share, Int32 bufferSize, FileOptions options, String msgPath, Boolean bFromProxy, Boolean useLongPath, Boolean checkHost)
   at System.IO.File.InternalReadAllBytes(String path, Boolean checkHost)
   at System.IO.File.ReadAllBytes(String path)
   at SonicRetro.SonLVL.API.XMLObjectDefinition.Init(ObjectData data) in D:\Programs\SonLVL\SonLVLAPI\ObjectDefinition.cs:line 710
   at SonicRetro.SonLVL.API.LevelData.<>c__DisplayClass102_0.<InitObjectDefinitions>b__0(KeyValuePair`2 group) in D:\Programs\SonLVL\SonLVLAPI\LevelData.cs:line 1578
   at System.Threading.Tasks.Parallel.<>c__DisplayClass42_0`2.<PartitionerForEachWorker>b__1()
   at System.Threading.Tasks.Task.InnerInvoke()
   at System.Threading.Tasks.Task.InnerInvokeWithArg(Task childTask)
   at System.Threading.Tasks.Task.<>c__DisplayClass176_0.<ExecuteSelfReplicating>b__0(Object <p0>)
   --- End of inner exception stack trace ---
   at System.Threading.Tasks.Task.ThrowIfExceptional(Boolean includeTaskCanceledExceptions)
   at System.Threading.Tasks.Task.Wait(Int32 millisecondsTimeout, CancellationToken cancellationToken)
   at System.Threading.Tasks.Task.Wait()
   at System.Threading.Tasks.Parallel.PartitionerForEachWorker[TSource,TLocal](Partitioner`1 source, ParallelOptions parallelOptions, Action`1 simpleBody, Action`2 bodyWithState, Action`3 bodyWithStateAndIndex, Func`4 bodyWithStateAndLocal, Func`5 bodyWithEverything, Func`1 localInit, Action`1 localFinally)
   at System.Threading.Tasks.Parallel.ForEachWorker[TSource,TLocal](IEnumerable`1 source, ParallelOptions parallelOptions, Action`1 body, Action`2 bodyWithState, Action`3 bodyWithStateAndIndex, Func`4 bodyWithStateAndLocal, Func`5 bodyWithEverything, Func`1 localInit, Action`1 localFinally)
   at System.Threading.Tasks.Parallel.ForEach[TSource](IEnumerable`1 source, Action`1 body)
   at SonicRetro.SonLVL.API.LevelData.InitObjectDefinitions() in D:\Programs\SonLVL\SonLVLAPI\LevelData.cs:line 1505
   at SonicRetro.SonLVL.API.LevelData.LoadLevel(String levelname, Boolean loadGraphics) in D:\Programs\SonLVL\SonLVLAPI\LevelData.cs:line 319
   at SonicRetro.SonLVL.GUI.MainForm.backgroundLevelLoader_DoWork(Object sender, DoWorkEventArgs e) in D:\Programs\SonLVL\SonLVL\MainForm.cs:line 574
---> (Inner Exception #0) System.IO.FileNotFoundException: Could not find file '\\Mac\Home\Documents\installers\game disassemblies\Sonic 2\Sonic 2 Orion's Build\mappings\sprite\objB3.bin'.
File name: '\\Mac\Home\Documents\installers\game disassemblies\Sonic 2\Sonic 2 Orion's Build\mappings\sprite\objB3.bin'
   at System.IO.__Error.WinIOError(Int32 errorCode, String maybeFullPath)
   at System.IO.FileStream.Init(String path, FileMode mode, FileAccess access, Int32 rights, Boolean useRights, FileShare share, Int32 bufferSize, FileOptions options, SECURITY_ATTRIBUTES secAttrs, String msgPath, Boolean bFromProxy, Boolean useLongPath, Boolean checkHost)
   at System.IO.FileStream..ctor(String path, FileMode mode, FileAccess access, FileShare share, Int32 bufferSize, FileOptions options, String msgPath, Boolean bFromProxy, Boolean useLongPath, Boolean checkHost)
   at System.IO.File.InternalReadAllBytes(String path, Boolean checkHost)
   at System.IO.File.ReadAllBytes(String path)
   at SonicRetro.SonLVL.API.XMLObjectDefinition.Init(ObjectData data) in D:\Programs\SonLVL\SonLVLAPI\ObjectDefinition.cs:line 710
   at SonicRetro.SonLVL.API.LevelData.<>c__DisplayClass102_0.<InitObjectDefinitions>b__0(KeyValuePair`2 group) in D:\Programs\SonLVL\SonLVLAPI\LevelData.cs:line 1578
   at System.Threading.Tasks.Parallel.<>c__DisplayClass42_0`2.<PartitionerForEachWorker>b__1()
   at System.Threading.Tasks.Task.InnerInvoke()
   at System.Threading.Tasks.Task.InnerInvokeWithArg(Task childTask)
   at System.Threading.Tasks.Task.<>c__DisplayClass176_0.<ExecuteSelfReplicating>b__0(Object <p0>)<---

Loading Wing Fortress Zone...
Loading palette file "../art/palettes/SonicAndTails.bin"...
Source: 0 Destination: 0 Length: 16
Loading 16x16 blocks from file "../mappings/16x16/WFZ_SCZ.bin", using compression Kosinski...
Loading 8x8 tiles from file "../art/kosinski/WFZ_SCZ.bin", using compression Kosinski...
Loading 128x128 chunks from file "../mappings/128x128/WFZ_SCZ.bin", using compression Kosinski...
Loading layout from file "../level/layout/WFZ.bin", using compression Kosinski...
Loading palette file "../art/palettes/WFZ.bin"...
Source: 0 Destination: 16 Length: 48
Loading 8x8 tiles from file "../art/kosinski/WFZ_Supp.bin", using compression Kosinski...
Loading layout from file "../level/layout/SCZ.bin", using compression Kosinski...
Loading object definition file "obj.ini".
Loading object definition file "objWFZ.ini".
Loading ObjectDefinition type S2ObjectDefinitions.Common.PathSwapper from "Common\PathSwapper.cs"...
Loading ObjectDefinition type S2ObjectDefinitions.Common.InvisibleBlock from "Common\InvisibleBlock.cs"...
Compiling code file...
Loading type from cached assembly "dllcache\S2ObjectDefinitions.Common.InvisibleBlock.dll"...
Loading type from cached assembly "dllcache\S2ObjectDefinitions.Common.Spikes.dll"...
Compile failed.
Errors:
\\mac\home\Documents\installers\game disassemblies\Sonic 2\Sonic 2 Orion's Build\SonLVL INI Files\Common\PathSwapper.cs(30,25) : error CS1502: The best overloaded method match for 'SonicRetro.SonLVL.API.ObjectHelper.MapToBmp(byte[], byte[], int, int, bool, SonicRetro.SonLVL.API.EngineVersion)' has some invalid arguments
\\mac\home\Documents\installers\game disassemblies\Sonic 2\Sonic 2 Orion's Build\SonLVL INI Files\Common\PathSwapper.cs(30,56) : error CS1503: Argument 2: cannot convert from 'string' to 'byte[]'

Loading objects from file "../level/objects/WFZ_1.bin", using compression Uncompressed...
Loading rings from file "../level/rings/WFZ_1.bin", using compression Uncompressed...
Loading start position "Level Start" from file "../startpos/WFZ.bin"...
Drawing block bitmaps...
Drawing chunk bitmaps...
Level loaded in 1.215515 second(s).
Load completed.
Loading Death Egg Zone...
Loading palette file "../art/palettes/SonicAndTails.bin"...
Source: 0 Destination: 0 Length: 16
Loading 16x16 blocks from file "../mappings/16x16/CPZ_DEZ.bin", using compression Kosinski...
Loading 128x128 chunks from file "../mappings/128x128/CPZ_DEZ.bin", using compression Kosinski...
Loading 8x8 tiles from file "../art/kosinski/CPZ_DEZ.bin", using compression Kosinski...
Loading layout from file "../level/layout/DEZ.bin", using compression Kosinski...
Loading palette file "../art/palettes/DEZ.bin"...
Source: 0 Destination: 16 Length: 48
Loading layout from file "../level/layout/CPZ_1.bin", using compression Kosinski...
Loading layout from file "../level/layout/CPZ_2.bin", using compression Kosinski...
Loading object definition file "obj.ini".
Loading object definition file "objDEZ.ini".
Loading ObjectDefinition type S2ObjectDefinitions.Common.PathSwapper from "Common\PathSwapper.cs"...
Loading ObjectDefinition type S2ObjectDefinitions.Common.InvisibleBlock from "Common\InvisibleBlock.cs"...
Loading type from cached assembly "dllcache\S2ObjectDefinitions.Common.InvisibleBlock.dll"...
Compiling code file...
Loading type from cached assembly "dllcache\S2ObjectDefinitions.Common.Spikes.dll"...
Compile failed.
Errors:
\\mac\home\Documents\installers\game disassemblies\Sonic 2\Sonic 2 Orion's Build\SonLVL INI Files\Common\PathSwapper.cs(30,25) : error CS1502: The best overloaded method match for 'SonicRetro.SonLVL.API.ObjectHelper.MapToBmp(byte[], byte[], int, int, bool, SonicRetro.SonLVL.API.EngineVersion)' has some invalid arguments
\\mac\home\Documents\installers\game disassemblies\Sonic 2\Sonic 2 Orion's Build\SonLVL INI Files\Common\PathSwapper.cs(30,56) : error CS1503: Argument 2: cannot convert from 'string' to 'byte[]'

Loading rings from file "../level/rings/DEZ_1.bin", using compression Uncompressed...
Loading objects from file "../level/objects/DEZ_1.bin", using compression Uncompressed...
Loading start position "Level Start" from file "../startpos/DEZ.bin"...
Drawing block bitmaps...
Drawing chunk bitmaps...
Level loaded in 1.1895358 second(s).
Load completed.
Loading Hill Top Zone Act 2...
Loading 16x16 blocks from file "../mappings/16x16/EHZ.bin", using compression Kosinski...
Loading palette file "../art/palettes/SonicAndTails.bin"...
Source: 0 Destination: 0 Length: 16
Loading 8x8 tiles from file "../art/kosinski/EHZ_HTZ.bin", using compression Kosinski...
Loading 128x128 chunks from file "../mappings/128x128/EHZ_HTZ.bin", using compression Kosinski...
Loading layout from file "../level/layout/HTZ_2.bin", using compression Kosinski...
Loading palette file "../art/palettes/HTZ.bin"...
Source: 0 Destination: 16 Length: 48
Loading 16x16 blocks from file "../mappings/16x16/HTZ.bin", using compression Kosinski...
Loading 8x8 tiles from file "../art/kosinski/HTZ_Supp.bin", using compression Kosinski...
Loading layout from file "../level/layout/EHZ_1.bin", using compression Kosinski...
Loading layout from file "../level/layout/EHZ_2.bin", using compression Kosinski...
Loading layout from file "../level/layout/HTZ_1.bin", using compression Kosinski...
Loading object definition file "obj.ini".
Loading object definition file "objHTZ.ini".
Loading ObjectDefinition type S2ObjectDefinitions.Common.PathSwapper from "Common\PathSwapper.cs"...
Loading ObjectDefinition type S2ObjectDefinitions.Common.InvisibleBlock from "Common\InvisibleBlock.cs"...
Loading type from cached assembly "dllcache\S2ObjectDefinitions.Common.InvisibleBlock.dll"...
Compiling code file...
Unable to read file "../art/nemesis/Fireball 1 (Buzzer).bin" with compression Nemesis:
Loading type from cached assembly "dllcache\S2ObjectDefinitions.Common.Spikes.dll"...
Compile failed.
Errors:
\\mac\home\Documents\installers\game disassemblies\Sonic 2\Sonic 2 Orion's Build\SonLVL INI Files\Common\PathSwapper.cs(30,25) : error CS1502: The best overloaded method match for 'SonicRetro.SonLVL.API.ObjectHelper.MapToBmp(byte[], byte[], int, int, bool, SonicRetro.SonLVL.API.EngineVersion)' has some invalid arguments
\\mac\home\Documents\installers\game disassemblies\Sonic 2\Sonic 2 Orion's Build\SonLVL INI Files\Common\PathSwapper.cs(30,56) : error CS1503: Argument 2: cannot convert from 'string' to 'byte[]'

System.AggregateException: One or more errors occurred. ---> System.IO.FileNotFoundException: Could not find file '\\Mac\Home\Documents\installers\game disassemblies\Sonic 2\Sonic 2 Orion's Build\art\nemesis\Fireball 1 (Buzzer).bin'.
   at System.IO.__Error.WinIOError(Int32 errorCode, String maybeFullPath)
   at System.IO.FileStream.Init(String path, FileMode mode, FileAccess access, Int32 rights, Boolean useRights, FileShare share, Int32 bufferSize, FileOptions options, SECURITY_ATTRIBUTES secAttrs, String msgPath, Boolean bFromProxy, Boolean useLongPath, Boolean checkHost)
   at System.IO.FileStream..ctor(String path, FileMode mode, FileAccess access, FileShare share)
   at SonicRetro.KensSharp.Nemesis.Decompress(String sourceFilePath)
   at SonicRetro.SonLVL.API.Compression.Decompress(String file, CompressionType cmp) in D:\Programs\SonLVL\SonLVLAPI\Compression.cs:line 51
   at SonicRetro.SonLVL.API.LevelData.ReadFile(String file, CompressionType cmp) in D:\Programs\SonLVL\SonLVLAPI\LevelData.cs:line 1638
   at SonicRetro.SonLVL.API.XMLObjectDefinition.Init(ObjectData data) in D:\Programs\SonLVL\SonLVLAPI\ObjectDefinition.cs:line 705
   at SonicRetro.SonLVL.API.LevelData.<>c__DisplayClass102_0.<InitObjectDefinitions>b__0(KeyValuePair`2 group) in D:\Programs\SonLVL\SonLVLAPI\LevelData.cs:line 1578
   at System.Threading.Tasks.Parallel.<>c__DisplayClass42_0`2.<PartitionerForEachWorker>b__1()
   at System.Threading.Tasks.Task.InnerInvoke()
   at System.Threading.Tasks.Task.InnerInvokeWithArg(Task childTask)
   at System.Threading.Tasks.Task.<>c__DisplayClass176_0.<ExecuteSelfReplicating>b__0(Object <p0>)
   --- End of inner exception stack trace ---
   at System.Threading.Tasks.Task.ThrowIfExceptional(Boolean includeTaskCanceledExceptions)
   at System.Threading.Tasks.Task.Wait(Int32 millisecondsTimeout, CancellationToken cancellationToken)
   at System.Threading.Tasks.Task.Wait()
   at System.Threading.Tasks.Parallel.PartitionerForEachWorker[TSource,TLocal](Partitioner`1 source, ParallelOptions parallelOptions, Action`1 simpleBody, Action`2 bodyWithState, Action`3 bodyWithStateAndIndex, Func`4 bodyWithStateAndLocal, Func`5 bodyWithEverything, Func`1 localInit, Action`1 localFinally)
   at System.Threading.Tasks.Parallel.ForEachWorker[TSource,TLocal](IEnumerable`1 source, ParallelOptions parallelOptions, Action`1 body, Action`2 bodyWithState, Action`3 bodyWithStateAndIndex, Func`4 bodyWithStateAndLocal, Func`5 bodyWithEverything, Func`1 localInit, Action`1 localFinally)
   at System.Threading.Tasks.Parallel.ForEach[TSource](IEnumerable`1 source, Action`1 body)
   at SonicRetro.SonLVL.API.LevelData.InitObjectDefinitions() in D:\Programs\SonLVL\SonLVLAPI\LevelData.cs:line 1505
   at SonicRetro.SonLVL.API.LevelData.LoadLevel(String levelname, Boolean loadGraphics) in D:\Programs\SonLVL\SonLVLAPI\LevelData.cs:line 319
   at SonicRetro.SonLVL.GUI.MainForm.backgroundLevelLoader_DoWork(Object sender, DoWorkEventArgs e) in D:\Programs\SonLVL\SonLVL\MainForm.cs:line 574
---> (Inner Exception #0) System.IO.FileNotFoundException: Could not find file '\\Mac\Home\Documents\installers\game disassemblies\Sonic 2\Sonic 2 Orion's Build\art\nemesis\Fireball 1 (Buzzer).bin'.
File name: '\\Mac\Home\Documents\installers\game disassemblies\Sonic 2\Sonic 2 Orion's Build\art\nemesis\Fireball 1 (Buzzer).bin'
   at System.IO.__Error.WinIOError(Int32 errorCode, String maybeFullPath)
   at System.IO.FileStream.Init(String path, FileMode mode, FileAccess access, Int32 rights, Boolean useRights, FileShare share, Int32 bufferSize, FileOptions options, SECURITY_ATTRIBUTES secAttrs, String msgPath, Boolean bFromProxy, Boolean useLongPath, Boolean checkHost)
   at System.IO.FileStream..ctor(String path, FileMode mode, FileAccess access, FileShare share)
   at SonicRetro.KensSharp.Nemesis.Decompress(String sourceFilePath)
   at SonicRetro.SonLVL.API.Compression.Decompress(String file, CompressionType cmp) in D:\Programs\SonLVL\SonLVLAPI\Compression.cs:line 51
   at SonicRetro.SonLVL.API.LevelData.ReadFile(String file, CompressionType cmp) in D:\Programs\SonLVL\SonLVLAPI\LevelData.cs:line 1638
   at SonicRetro.SonLVL.API.XMLObjectDefinition.Init(ObjectData data) in D:\Programs\SonLVL\SonLVLAPI\ObjectDefinition.cs:line 705
   at SonicRetro.SonLVL.API.LevelData.<>c__DisplayClass102_0.<InitObjectDefinitions>b__0(KeyValuePair`2 group) in D:\Programs\SonLVL\SonLVLAPI\LevelData.cs:line 1578
   at System.Threading.Tasks.Parallel.<>c__DisplayClass42_0`2.<PartitionerForEachWorker>b__1()
   at System.Threading.Tasks.Task.InnerInvoke()
   at System.Threading.Tasks.Task.InnerInvokeWithArg(Task childTask)
   at System.Threading.Tasks.Task.<>c__DisplayClass176_0.<ExecuteSelfReplicating>b__0(Object <p0>)<---

Loading Sky Chase Zone...
Loading palette file "../art/palettes/SonicAndTails.bin"...
Source: 0 Destination: 0 Length: 16
Loading 16x16 blocks from file "../mappings/16x16/WFZ_SCZ.bin", using compression Kosinski...
Loading 128x128 chunks from file "../mappings/128x128/WFZ_SCZ.bin", using compression Kosinski...
Loading 8x8 tiles from file "../art/kosinski/WFZ_SCZ.bin", using compression Kosinski...
Loading layout from file "../level/layout/SCZ.bin", using compression Kosinski...
Loading palette file "../art/palettes/SCZ.bin"...
Source: 0 Destination: 16 Length: 48
Loading layout from file "../level/layout/WFZ.bin", using compression Kosinski...
Loading object definition file "obj.ini".
Loading object definition file "objSCZ.ini".
Loading ObjectDefinition type S2ObjectDefinitions.Common.PathSwapper from "Common\PathSwapper.cs"...
Loading ObjectDefinition type S2ObjectDefinitions.Common.InvisibleBlock from "Common\InvisibleBlock.cs"...
Compiling code file...
Loading type from cached assembly "dllcache\S2ObjectDefinitions.Common.InvisibleBlock.dll"...
Loading type from cached assembly "dllcache\S2ObjectDefinitions.Common.Spikes.dll"...
Compile failed.
Errors:
\\mac\home\Documents\installers\game disassemblies\Sonic 2\Sonic 2 Orion's Build\SonLVL INI Files\Common\PathSwapper.cs(30,25) : error CS1502: The best overloaded method match for 'SonicRetro.SonLVL.API.ObjectHelper.MapToBmp(byte[], byte[], int, int, bool, SonicRetro.SonLVL.API.EngineVersion)' has some invalid arguments
\\mac\home\Documents\installers\game disassemblies\Sonic 2\Sonic 2 Orion's Build\SonLVL INI Files\Common\PathSwapper.cs(30,56) : error CS1503: Argument 2: cannot convert from 'string' to 'byte[]'

System.AggregateException: One or more errors occurred. ---> System.IO.FileNotFoundException: Could not find file '\\Mac\Home\Documents\installers\game disassemblies\Sonic 2\Sonic 2 Orion's Build\mappings\sprite\objB3.bin'.
   at System.IO.__Error.WinIOError(Int32 errorCode, String maybeFullPath)
   at System.IO.FileStream.Init(String path, FileMode mode, FileAccess access, Int32 rights, Boolean useRights, FileShare share, Int32 bufferSize, FileOptions options, SECURITY_ATTRIBUTES secAttrs, String msgPath, Boolean bFromProxy, Boolean useLongPath, Boolean checkHost)
   at System.IO.FileStream..ctor(String path, FileMode mode, FileAccess access, FileShare share, Int32 bufferSize, FileOptions options, String msgPath, Boolean bFromProxy, Boolean useLongPath, Boolean checkHost)
   at System.IO.File.InternalReadAllBytes(String path, Boolean checkHost)
   at System.IO.File.ReadAllBytes(String path)
   at SonicRetro.SonLVL.API.XMLObjectDefinition.Init(ObjectData data) in D:\Programs\SonLVL\SonLVLAPI\ObjectDefinition.cs:line 710
   at SonicRetro.SonLVL.API.LevelData.<>c__DisplayClass102_0.<InitObjectDefinitions>b__0(KeyValuePair`2 group) in D:\Programs\SonLVL\SonLVLAPI\LevelData.cs:line 1578
   at System.Threading.Tasks.Parallel.<>c__DisplayClass42_0`2.<PartitionerForEachWorker>b__1()
   at System.Threading.Tasks.Task.InnerInvoke()
   at System.Threading.Tasks.Task.InnerInvokeWithArg(Task childTask)
   at System.Threading.Tasks.Task.<>c__DisplayClass176_0.<ExecuteSelfReplicating>b__0(Object <p0>)
   --- End of inner exception stack trace ---
   at System.Threading.Tasks.Task.ThrowIfExceptional(Boolean includeTaskCanceledExceptions)
   at System.Threading.Tasks.Task.Wait(Int32 millisecondsTimeout, CancellationToken cancellationToken)
   at System.Threading.Tasks.Task.Wait()
   at System.Threading.Tasks.Parallel.PartitionerForEachWorker[TSource,TLocal](Partitioner`1 source, ParallelOptions parallelOptions, Action`1 simpleBody, Action`2 bodyWithState, Action`3 bodyWithStateAndIndex, Func`4 bodyWithStateAndLocal, Func`5 bodyWithEverything, Func`1 localInit, Action`1 localFinally)
   at System.Threading.Tasks.Parallel.ForEachWorker[TSource,TLocal](IEnumerable`1 source, ParallelOptions parallelOptions, Action`1 body, Action`2 bodyWithState, Action`3 bodyWithStateAndIndex, Func`4 bodyWithStateAndLocal, Func`5 bodyWithEverything, Func`1 localInit, Action`1 localFinally)
   at System.Threading.Tasks.Parallel.ForEach[TSource](IEnumerable`1 source, Action`1 body)
   at SonicRetro.SonLVL.API.LevelData.InitObjectDefinitions() in D:\Programs\SonLVL\SonLVLAPI\LevelData.cs:line 1505
   at SonicRetro.SonLVL.API.LevelData.LoadLevel(String levelname, Boolean loadGraphics) in D:\Programs\SonLVL\SonLVLAPI\LevelData.cs:line 319
   at SonicRetro.SonLVL.GUI.MainForm.backgroundLevelLoader_DoWork(Object sender, DoWorkEventArgs e) in D:\Programs\SonLVL\SonLVL\MainForm.cs:line 574
---> (Inner Exception #0) System.IO.FileNotFoundException: Could not find file '\\Mac\Home\Documents\installers\game disassemblies\Sonic 2\Sonic 2 Orion's Build\mappings\sprite\objB3.bin'.
File name: '\\Mac\Home\Documents\installers\game disassemblies\Sonic 2\Sonic 2 Orion's Build\mappings\sprite\objB3.bin'
   at System.IO.__Error.WinIOError(Int32 errorCode, String maybeFullPath)
   at System.IO.FileStream.Init(String path, FileMode mode, FileAccess access, Int32 rights, Boolean useRights, FileShare share, Int32 bufferSize, FileOptions options, SECURITY_ATTRIBUTES secAttrs, String msgPath, Boolean bFromProxy, Boolean useLongPath, Boolean checkHost)
   at System.IO.FileStream..ctor(String path, FileMode mode, FileAccess access, FileShare share, Int32 bufferSize, FileOptions options, String msgPath, Boolean bFromProxy, Boolean useLongPath, Boolean checkHost)
   at System.IO.File.InternalReadAllBytes(String path, Boolean checkHost)
   at System.IO.File.ReadAllBytes(String path)
   at SonicRetro.SonLVL.API.XMLObjectDefinition.Init(ObjectData data) in D:\Programs\SonLVL\SonLVLAPI\ObjectDefinition.cs:line 710
   at SonicRetro.SonLVL.API.LevelData.<>c__DisplayClass102_0.<InitObjectDefinitions>b__0(KeyValuePair`2 group) in D:\Programs\SonLVL\SonLVLAPI\LevelData.cs:line 1578
   at System.Threading.Tasks.Parallel.<>c__DisplayClass42_0`2.<PartitionerForEachWorker>b__1()
   at System.Threading.Tasks.Task.InnerInvoke()
   at System.Threading.Tasks.Task.InnerInvokeWithArg(Task childTask)
   at System.Threading.Tasks.Task.<>c__DisplayClass176_0.<ExecuteSelfReplicating>b__0(Object <p0>)<---

Loading Sky Chase Zone...
Loading palette file "../art/palettes/SonicAndTails.bin"...
Source: 0 Destination: 0 Length: 16
Loading 8x8 tiles from file "../art/kosinski/WFZ_SCZ.bin", using compression Kosinski...
Loading 16x16 blocks from file "../mappings/16x16/WFZ_SCZ.bin", using compression Kosinski...
Loading 128x128 chunks from file "../mappings/128x128/WFZ_SCZ.bin", using compression Kosinski...
Loading layout from file "../level/layout/SCZ.bin", using compression Kosinski...
Loading palette file "../art/palettes/SCZ.bin"...
Source: 0 Destination: 16 Length: 48
Loading layout from file "../level/layout/WFZ.bin", using compression Kosinski...
Loading object definition file "obj.ini".
Loading object definition file "objSCZ.ini".
Loading ObjectDefinition type S2ObjectDefinitions.Common.PathSwapper from "Common\PathSwapper.cs"...
Loading ObjectDefinition type S2ObjectDefinitions.Common.InvisibleBlock from "Common\InvisibleBlock.cs"...
Compiling code file...
Loading type from cached assembly "dllcache\S2ObjectDefinitions.Common.InvisibleBlock.dll"...
Loading type from cached assembly "dllcache\S2ObjectDefinitions.Common.Spikes.dll"...
Compile failed.
Errors:
\\mac\home\Documents\installers\game disassemblies\Sonic 2\Sonic 2 Orion's Build\SonLVL INI Files\Common\PathSwapper.cs(30,25) : error CS1502: The best overloaded method match for 'SonicRetro.SonLVL.API.ObjectHelper.MapToBmp(byte[], byte[], int, int, bool, SonicRetro.SonLVL.API.EngineVersion)' has some invalid arguments
\\mac\home\Documents\installers\game disassemblies\Sonic 2\Sonic 2 Orion's Build\SonLVL INI Files\Common\PathSwapper.cs(30,56) : error CS1503: Argument 2: cannot convert from 'string' to 'byte[]'

Loading objects from file "../level/objects/SCZ_1.bin", using compression Uncompressed...
Loading rings from file "../level/rings/SCZ_1.bin", using compression Uncompressed...
Loading start position "Level Start" from file "../startpos/SCZ.bin"...
Drawing block bitmaps...
Drawing chunk bitmaps...
Level loaded in 1.2006037 second(s).
Load completed.
Loading Hill Top Zone Act 2...
Loading 16x16 blocks from file "../mappings/16x16/EHZ.bin", using compression Kosinski...
Loading palette file "../art/palettes/SonicAndTails.bin"...
Source: 0 Destination: 0 Length: 16
Loading 128x128 chunks from file "../mappings/128x128/EHZ_HTZ.bin", using compression Kosinski...
Loading 8x8 tiles from file "../art/kosinski/EHZ_HTZ.bin", using compression Kosinski...
Loading layout from file "../level/layout/HTZ_2.bin", using compression Kosinski...
Loading palette file "../art/palettes/HTZ.bin"...
Source: 0 Destination: 16 Length: 48
Loading 16x16 blocks from file "../mappings/16x16/HTZ.bin", using compression Kosinski...
Loading 8x8 tiles from file "../art/kosinski/HTZ_Supp.bin", using compression Kosinski...
Loading layout from file "../level/layout/EHZ_1.bin", using compression Kosinski...
Loading layout from file "../level/layout/EHZ_2.bin", using compression Kosinski...
Loading layout from file "../level/layout/HTZ_1.bin", using compression Kosinski...
Loading object definition file "obj.ini".
Loading object definition file "objHTZ.ini".
Loading ObjectDefinition type S2ObjectDefinitions.Common.PathSwapper from "Common\PathSwapper.cs"...
Compiling code file...
Loading ObjectDefinition type S2ObjectDefinitions.Common.InvisibleBlock from "Common\InvisibleBlock.cs"...
Loading type from cached assembly "dllcache\S2ObjectDefinitions.Common.InvisibleBlock.dll"...
Unable to read file "../art/nemesis/Fireball 1 (Buzzer).bin" with compression Nemesis:
Loading type from cached assembly "dllcache\S2ObjectDefinitions.Common.Spikes.dll"...
Compile failed.
Errors:
\\mac\home\Documents\installers\game disassemblies\Sonic 2\Sonic 2 Orion's Build\SonLVL INI Files\Common\PathSwapper.cs(30,25) : error CS1502: The best overloaded method match for 'SonicRetro.SonLVL.API.ObjectHelper.MapToBmp(byte[], byte[], int, int, bool, SonicRetro.SonLVL.API.EngineVersion)' has some invalid arguments
\\mac\home\Documents\installers\game disassemblies\Sonic 2\Sonic 2 Orion's Build\SonLVL INI Files\Common\PathSwapper.cs(30,56) : error CS1503: Argument 2: cannot convert from 'string' to 'byte[]'

System.AggregateException: One or more errors occurred. ---> System.IO.FileNotFoundException: Could not find file '\\Mac\Home\Documents\installers\game disassemblies\Sonic 2\Sonic 2 Orion's Build\art\nemesis\Fireball 1 (Buzzer).bin'.
   at System.IO.__Error.WinIOError(Int32 errorCode, String maybeFullPath)
   at System.IO.FileStream.Init(String path, FileMode mode, FileAccess access, Int32 rights, Boolean useRights, FileShare share, Int32 bufferSize, FileOptions options, SECURITY_ATTRIBUTES secAttrs, String msgPath, Boolean bFromProxy, Boolean useLongPath, Boolean checkHost)
   at System.IO.FileStream..ctor(String path, FileMode mode, FileAccess access, FileShare share)
   at SonicRetro.KensSharp.Nemesis.Decompress(String sourceFilePath)
   at SonicRetro.SonLVL.API.Compression.Decompress(String file, CompressionType cmp) in D:\Programs\SonLVL\SonLVLAPI\Compression.cs:line 51
   at SonicRetro.SonLVL.API.LevelData.ReadFile(String file, CompressionType cmp) in D:\Programs\SonLVL\SonLVLAPI\LevelData.cs:line 1638
   at SonicRetro.SonLVL.API.XMLObjectDefinition.Init(ObjectData data) in D:\Programs\SonLVL\SonLVLAPI\ObjectDefinition.cs:line 705
   at SonicRetro.SonLVL.API.LevelData.<>c__DisplayClass102_0.<InitObjectDefinitions>b__0(KeyValuePair`2 group) in D:\Programs\SonLVL\SonLVLAPI\LevelData.cs:line 1578
   at System.Threading.Tasks.Parallel.<>c__DisplayClass42_0`2.<PartitionerForEachWorker>b__1()
   at System.Threading.Tasks.Task.InnerInvoke()
   at System.Threading.Tasks.Task.InnerInvokeWithArg(Task childTask)
   at System.Threading.Tasks.Task.<>c__DisplayClass176_0.<ExecuteSelfReplicating>b__0(Object <p0>)
   --- End of inner exception stack trace ---
   at System.Threading.Tasks.Task.ThrowIfExceptional(Boolean includeTaskCanceledExceptions)
   at System.Threading.Tasks.Task.Wait(Int32 millisecondsTimeout, CancellationToken cancellationToken)
   at System.Threading.Tasks.Task.Wait()
   at System.Threading.Tasks.Parallel.PartitionerForEachWorker[TSource,TLocal](Partitioner`1 source, ParallelOptions parallelOptions, Action`1 simpleBody, Action`2 bodyWithState, Action`3 bodyWithStateAndIndex, Func`4 bodyWithStateAndLocal, Func`5 bodyWithEverything, Func`1 localInit, Action`1 localFinally)
   at System.Threading.Tasks.Parallel.ForEachWorker[TSource,TLocal](IEnumerable`1 source, ParallelOptions parallelOptions, Action`1 body, Action`2 bodyWithState, Action`3 bodyWithStateAndIndex, Func`4 bodyWithStateAndLocal, Func`5 bodyWithEverything, Func`1 localInit, Action`1 localFinally)
   at System.Threading.Tasks.Parallel.ForEach[TSource](IEnumerable`1 source, Action`1 body)
   at SonicRetro.SonLVL.API.LevelData.InitObjectDefinitions() in D:\Programs\SonLVL\SonLVLAPI\LevelData.cs:line 1505
   at SonicRetro.SonLVL.API.LevelData.LoadLevel(String levelname, Boolean loadGraphics) in D:\Programs\SonLVL\SonLVLAPI\LevelData.cs:line 319
   at SonicRetro.SonLVL.GUI.MainForm.backgroundLevelLoader_DoWork(Object sender, DoWorkEventArgs e) in D:\Programs\SonLVL\SonLVL\MainForm.cs:line 574
---> (Inner Exception #0) System.IO.FileNotFoundException: Could not find file '\\Mac\Home\Documents\installers\game disassemblies\Sonic 2\Sonic 2 Orion's Build\art\nemesis\Fireball 1 (Buzzer).bin'.
File name: '\\Mac\Home\Documents\installers\game disassemblies\Sonic 2\Sonic 2 Orion's Build\art\nemesis\Fireball 1 (Buzzer).bin'
   at System.IO.__Error.WinIOError(Int32 errorCode, String maybeFullPath)
   at System.IO.FileStream.Init(String path, FileMode mode, FileAccess access, Int32 rights, Boolean useRights, FileShare share, Int32 bufferSize, FileOptions options, SECURITY_ATTRIBUTES secAttrs, String msgPath, Boolean bFromProxy, Boolean useLongPath, Boolean checkHost)
   at System.IO.FileStream..ctor(String path, FileMode mode, FileAccess access, FileShare share)
   at SonicRetro.KensSharp.Nemesis.Decompress(String sourceFilePath)
   at SonicRetro.SonLVL.API.Compression.Decompress(String file, CompressionType cmp) in D:\Programs\SonLVL\SonLVLAPI\Compression.cs:line 51
   at SonicRetro.SonLVL.API.LevelData.ReadFile(String file, CompressionType cmp) in D:\Programs\SonLVL\SonLVLAPI\LevelData.cs:line 1638
   at SonicRetro.SonLVL.API.XMLObjectDefinition.Init(ObjectData data) in D:\Programs\SonLVL\SonLVLAPI\ObjectDefinition.cs:line 705
   at SonicRetro.SonLVL.API.LevelData.<>c__DisplayClass102_0.<InitObjectDefinitions>b__0(KeyValuePair`2 group) in D:\Programs\SonLVL\SonLVLAPI\LevelData.cs:line 1578
   at System.Threading.Tasks.Parallel.<>c__DisplayClass42_0`2.<PartitionerForEachWorker>b__1()
   at System.Threading.Tasks.Task.InnerInvoke()
   at System.Threading.Tasks.Task.InnerInvokeWithArg(Task childTask)
   at System.Threading.Tasks.Task.<>c__DisplayClass176_0.<ExecuteSelfReplicating>b__0(Object <p0>)<---

Loading Hill Top Zone Act 2...
Loading palette file "../art/palettes/SonicAndTails.bin"...
Source: 0 Destination: 0 Length: 16
Loading 16x16 blocks from file "../mappings/16x16/EHZ.bin", using compression Kosinski...
Loading 128x128 chunks from file "../mappings/128x128/EHZ_HTZ.bin", using compression Kosinski...
Loading 8x8 tiles from file "../art/kosinski/EHZ_HTZ.bin", using compression Kosinski...
Loading layout from file "../level/layout/HTZ_2.bin", using compression Kosinski...
Loading palette file "../art/palettes/HTZ.bin"...
Source: 0 Destination: 16 Length: 48
Loading 16x16 blocks from file "../mappings/16x16/HTZ.bin", using compression Kosinski...
Loading layout from file "../level/layout/EHZ_1.bin", using compression Kosinski...
Loading 8x8 tiles from file "../art/kosinski/HTZ_Supp.bin", using compression Kosinski...
Loading layout from file "../level/layout/EHZ_2.bin", using compression Kosinski...
Loading layout from file "../level/layout/HTZ_1.bin", using compression Kosinski...
Loading object definition file "obj.ini".
Loading object definition file "objHTZ.ini".
Loading ObjectDefinition type S2ObjectDefinitions.Common.PathSwapper from "Common\PathSwapper.cs"...
Loading ObjectDefinition type S2ObjectDefinitions.Common.InvisibleBlock from "Common\InvisibleBlock.cs"...
Loading type from cached assembly "dllcache\S2ObjectDefinitions.Common.InvisibleBlock.dll"...
Compiling code file...
Loading type from cached assembly "dllcache\S2ObjectDefinitions.Common.Spikes.dll"...
Compile failed.
Errors:
\\mac\home\Documents\installers\game disassemblies\Sonic 2\Sonic 2 Orion's Build\SonLVL INI Files\Common\PathSwapper.cs(30,25) : error CS1502: The best overloaded method match for 'SonicRetro.SonLVL.API.ObjectHelper.MapToBmp(byte[], byte[], int, int, bool, SonicRetro.SonLVL.API.EngineVersion)' has some invalid arguments
\\mac\home\Documents\installers\game disassemblies\Sonic 2\Sonic 2 Orion's Build\SonLVL INI Files\Common\PathSwapper.cs(30,56) : error CS1503: Argument 2: cannot convert from 'string' to 'byte[]'

Loading objects from file "../level/objects/HTZ_2.bin", using compression Uncompressed...
Loading rings from file "../level/rings/HTZ_2.bin", using compression Uncompressed...
Loading start position "Level Start" from file "../startpos/HTZ_2.bin"...
Drawing block bitmaps...
Drawing chunk bitmaps...
Level loaded in 1.1759618 second(s).
Load completed.
Loading Sky Chase Zone...
Loading palette file "../art/palettes/SonicAndTails.bin"...
Source: 0 Destination: 0 Length: 16
Loading 8x8 tiles from file "../art/kosinski/WFZ_SCZ.bin", using compression Kosinski...
Loading 128x128 chunks from file "../mappings/128x128/WFZ_SCZ.bin", using compression Kosinski...
Loading layout from file "../level/layout/SCZ.bin", using compression Kosinski...
Loading 16x16 blocks from file "../mappings/16x16/WFZ_SCZ.bin", using compression Kosinski...
Loading palette file "../art/palettes/SCZ.bin"...
Source: 0 Destination: 16 Length: 48
Loading layout from file "../level/layout/WFZ.bin", using compression Kosinski...
Loading object definition file "obj.ini".
Loading object definition file "objSCZ.ini".
Loading ObjectDefinition type S2ObjectDefinitions.Common.PathSwapper from "Common\PathSwapper.cs"...
Loading ObjectDefinition type S2ObjectDefinitions.Common.InvisibleBlock from "Common\InvisibleBlock.cs"...
Loading type from cached assembly "dllcache\S2ObjectDefinitions.Common.InvisibleBlock.dll"...
Compiling code file...
Loading type from cached assembly "dllcache\S2ObjectDefinitions.Common.Spikes.dll"...
Compile failed.
Errors:
\\mac\home\Documents\installers\game disassemblies\Sonic 2\Sonic 2 Orion's Build\SonLVL INI Files\Common\PathSwapper.cs(30,25) : error CS1502: The best overloaded method match for 'SonicRetro.SonLVL.API.ObjectHelper.MapToBmp(byte[], byte[], int, int, bool, SonicRetro.SonLVL.API.EngineVersion)' has some invalid arguments
\\mac\home\Documents\installers\game disassemblies\Sonic 2\Sonic 2 Orion's Build\SonLVL INI Files\Common\PathSwapper.cs(30,56) : error CS1503: Argument 2: cannot convert from 'string' to 'byte[]'

Loading rings from file "../level/rings/SCZ_1.bin", using compression Uncompressed...
Loading objects from file "../level/objects/SCZ_1.bin", using compression Uncompressed...
Loading start position "Level Start" from file "../startpos/SCZ.bin"...
Drawing block bitmaps...
Drawing chunk bitmaps...
Level loaded in 1.1596437 second(s).
Load completed.
Loading Sky Chase Zone...
Loading 16x16 blocks from file "../mappings/16x16/WFZ_SCZ.bin", using compression Kosinski...
Loading palette file "../art/palettes/SonicAndTails.bin"...
Source: 0 Destination: 0 Length: 16
Loading 8x8 tiles from file "../art/kosinski/WFZ_SCZ.bin", using compression Kosinski...
Loading layout from file "../level/layout/SCZ.bin", using compression Kosinski...
Loading 128x128 chunks from file "../mappings/128x128/WFZ_SCZ.bin", using compression Kosinski...
Loading palette file "../art/palettes/SCZ.bin"...
Source: 0 Destination: 16 Length: 48
Loading layout from file "../level/layout/WFZ.bin", using compression Kosinski...
Loading object definition file "obj.ini".
Loading object definition file "objSCZ.ini".
Loading ObjectDefinition type S2ObjectDefinitions.Common.PathSwapper from "Common\PathSwapper.cs"...
Compiling code file...
Loading ObjectDefinition type S2ObjectDefinitions.Common.InvisibleBlock from "Common\InvisibleBlock.cs"...
Loading type from cached assembly "dllcache\S2ObjectDefinitions.Common.InvisibleBlock.dll"...
Loading type from cached assembly "dllcache\S2ObjectDefinitions.Common.Spikes.dll"...
Compile failed.
Errors:
\\mac\home\Documents\installers\game disassemblies\Sonic 2\Sonic 2 Orion's Build\SonLVL INI Files\Common\PathSwapper.cs(30,25) : error CS1502: The best overloaded method match for 'SonicRetro.SonLVL.API.ObjectHelper.MapToBmp(byte[], byte[], int, int, bool, SonicRetro.SonLVL.API.EngineVersion)' has some invalid arguments
\\mac\home\Documents\installers\game disassemblies\Sonic 2\Sonic 2 Orion's Build\SonLVL INI Files\Common\PathSwapper.cs(30,56) : error CS1503: Argument 2: cannot convert from 'string' to 'byte[]'

Loading objects from file "../level/objects/SCZ_1.bin", using compression Uncompressed...
Loading rings from file "../level/rings/SCZ_1.bin", using compression Uncompressed...
Loading start position "Level Start" from file "../startpos/SCZ.bin"...
Drawing block bitmaps...
Drawing chunk bitmaps...
Level loaded in 1.1873108 second(s).
Load completed.
Loading Sky Chase Zone...
Loading 16x16 blocks from file "../mappings/16x16/WFZ_SCZ.bin", using compression Kosinski...
Loading palette file "../art/palettes/SonicAndTails.bin"...
Source: 0 Destination: 0 Length: 16
Loading layout from file "../level/layout/SCZ.bin", using compression Kosinski...
Loading 8x8 tiles from file "../art/kosinski/WFZ_SCZ.bin", using compression Kosinski...
Loading 128x128 chunks from file "../mappings/128x128/WFZ_SCZ.bin", using compression Kosinski...
Loading palette file "../art/palettes/SCZ.bin"...
Source: 0 Destination: 16 Length: 48
Loading layout from file "../level/layout/WFZ.bin", using compression Kosinski...
Loading object definition file "obj.ini".
Loading object definition file "objSCZ.ini".
Loading ObjectDefinition type S2ObjectDefinitions.Common.PathSwapper from "Common\PathSwapper.cs"...
Compiling code file...
Loading ObjectDefinition type S2ObjectDefinitions.Common.InvisibleBlock from "Common\InvisibleBlock.cs"...
Loading type from cached assembly "dllcache\S2ObjectDefinitions.Common.InvisibleBlock.dll"...
Loading type from cached assembly "dllcache\S2ObjectDefinitions.Common.Spikes.dll"...
Compile failed.
Errors:
\\mac\home\Documents\installers\game disassemblies\Sonic 2\Sonic 2 Orion's Build\SonLVL INI Files\Common\PathSwapper.cs(30,25) : error CS1502: The best overloaded method match for 'SonicRetro.SonLVL.API.ObjectHelper.MapToBmp(byte[], byte[], int, int, bool, SonicRetro.SonLVL.API.EngineVersion)' has some invalid arguments
\\mac\home\Documents\installers\game disassemblies\Sonic 2\Sonic 2 Orion's Build\SonLVL INI Files\Common\PathSwapper.cs(30,56) : error CS1503: Argument 2: cannot convert from 'string' to 'byte[]'

Loading objects from file "../level/objects/SCZ_1.bin", using compression Uncompressed...
Loading rings from file "../level/rings/SCZ_1.bin", using compression Uncompressed...
Loading start position "Level Start" from file "../startpos/SCZ.bin"...
Drawing block bitmaps...
Drawing chunk bitmaps...
Level loaded in 1.1830318 second(s).
Load completed.
Loading Sky Chase Zone...
Loading 16x16 blocks from file "../mappings/16x16/WFZ_SCZ.bin", using compression Kosinski...
Loading palette file "../art/palettes/SonicAndTails.bin"...
Source: 0 Destination: 0 Length: 16
Loading layout from file "../level/layout/SCZ.bin", using compression Kosinski...
Loading 8x8 tiles from file "../art/kosinski/WFZ_SCZ.bin", using compression Kosinski...
Loading 128x128 chunks from file "../mappings/128x128/WFZ_SCZ.bin", using compression Kosinski...
Loading palette file "../art/palettes/SCZ.bin"...
Source: 0 Destination: 16 Length: 48
Loading layout from file "../level/layout/WFZ.bin", using compression Kosinski...
Loading object definition file "obj.ini".
Loading object definition file "objSCZ.ini".
Loading ObjectDefinition type S2ObjectDefinitions.Common.PathSwapper from "Common\PathSwapper.cs"...
Compiling code file...
Loading ObjectDefinition type S2ObjectDefinitions.Common.InvisibleBlock from "Common\InvisibleBlock.cs"...
Loading type from cached assembly "dllcache\S2ObjectDefinitions.Common.InvisibleBlock.dll"...
Loading type from cached assembly "dllcache\S2ObjectDefinitions.Common.Spikes.dll"...
Compile failed.
Errors:
\\mac\home\Documents\installers\game disassemblies\Sonic 2\Sonic 2 Orion's Build\SonLVL INI Files\Common\PathSwapper.cs(30,25) : error CS1502: The best overloaded method match for 'SonicRetro.SonLVL.API.ObjectHelper.MapToBmp(byte[], byte[], int, int, bool, SonicRetro.SonLVL.API.EngineVersion)' has some invalid arguments
\\mac\home\Documents\installers\game disassemblies\Sonic 2\Sonic 2 Orion's Build\SonLVL INI Files\Common\PathSwapper.cs(30,56) : error CS1503: Argument 2: cannot convert from 'string' to 'byte[]'

System.AggregateException: One or more errors occurred. ---> System.InvalidOperationException: There is an error in XML document (6, 16). ---> System.InvalidOperationException: Instance validation error: 'asm' is not a valid value for MapFileType.
   at Microsoft.Xml.Serialization.GeneratedAssembly.XmlSerializationReaderObjDef.Read6_MapFileType(String s)
   at Microsoft.Xml.Serialization.GeneratedAssembly.XmlSerializationReaderObjDef.Read8_MapFile(Boolean isNullable, Boolean checkType)
   at Microsoft.Xml.Serialization.GeneratedAssembly.XmlSerializationReaderObjDef.Read9_ImageFromMappings(Boolean isNullable, Boolean checkType)
   at Microsoft.Xml.Serialization.GeneratedAssembly.XmlSerializationReaderObjDef.Read12_ImageList(Boolean isNullable, Boolean checkType)
   at Microsoft.Xml.Serialization.GeneratedAssembly.XmlSerializationReaderObjDef.Read32_ObjDef(Boolean isNullable, Boolean checkType)
   at Microsoft.Xml.Serialization.GeneratedAssembly.XmlSerializationReaderObjDef.Read33_ObjDef()
   --- End of inner exception stack trace ---
   at System.Xml.Serialization.XmlSerializer.Deserialize(XmlReader xmlReader, String encodingStyle, XmlDeserializationEvents events)
   at SonicRetro.SonLVL.API.XMLDef.ObjDef.Load(String filename) in D:\Programs\SonLVL\SonLVLAPI\XMLDef.cs:line 51
   at SonicRetro.SonLVL.API.XMLObjectDefinition.Init(ObjectData data) in D:\Programs\SonLVL\SonLVLAPI\ObjectDefinition.cs:line 692
   at SonicRetro.SonLVL.API.LevelData.<>c__DisplayClass102_0.<InitObjectDefinitions>b__0(KeyValuePair`2 group) in D:\Programs\SonLVL\SonLVLAPI\LevelData.cs:line 1578
   at System.Threading.Tasks.Parallel.<>c__DisplayClass42_0`2.<PartitionerForEachWorker>b__1()
   at System.Threading.Tasks.Task.InnerInvoke()
   at System.Threading.Tasks.Task.InnerInvokeWithArg(Task childTask)
   at System.Threading.Tasks.Task.<>c__DisplayClass176_0.<ExecuteSelfReplicating>b__0(Object <p0>)
   --- End of inner exception stack trace ---
   at System.Threading.Tasks.Task.ThrowIfExceptional(Boolean includeTaskCanceledExceptions)
   at System.Threading.Tasks.Task.Wait(Int32 millisecondsTimeout, CancellationToken cancellationToken)
   at System.Threading.Tasks.Task.Wait()
   at System.Threading.Tasks.Parallel.PartitionerForEachWorker[TSource,TLocal](Partitioner`1 source, ParallelOptions parallelOptions, Action`1 simpleBody, Action`2 bodyWithState, Action`3 bodyWithStateAndIndex, Func`4 bodyWithStateAndLocal, Func`5 bodyWithEverything, Func`1 localInit, Action`1 localFinally)
   at System.Threading.Tasks.Parallel.ForEachWorker[TSource,TLocal](IEnumerable`1 source, ParallelOptions parallelOptions, Action`1 body, Action`2 bodyWithState, Action`3 bodyWithStateAndIndex, Func`4 bodyWithStateAndLocal, Func`5 bodyWithEverything, Func`1 localInit, Action`1 localFinally)
   at System.Threading.Tasks.Parallel.ForEach[TSource](IEnumerable`1 source, Action`1 body)
   at SonicRetro.SonLVL.API.LevelData.InitObjectDefinitions() in D:\Programs\SonLVL\SonLVLAPI\LevelData.cs:line 1505
   at SonicRetro.SonLVL.API.LevelData.LoadLevel(String levelname, Boolean loadGraphics) in D:\Programs\SonLVL\SonLVLAPI\LevelData.cs:line 319
   at SonicRetro.SonLVL.GUI.MainForm.backgroundLevelLoader_DoWork(Object sender, DoWorkEventArgs e) in D:\Programs\SonLVL\SonLVL\MainForm.cs:line 574
---> (Inner Exception #0) System.InvalidOperationException: There is an error in XML document (6, 16). ---> System.InvalidOperationException: Instance validation error: 'asm' is not a valid value for MapFileType.
   at Microsoft.Xml.Serialization.GeneratedAssembly.XmlSerializationReaderObjDef.Read6_MapFileType(String s)
   at Microsoft.Xml.Serialization.GeneratedAssembly.XmlSerializationReaderObjDef.Read8_MapFile(Boolean isNullable, Boolean checkType)
   at Microsoft.Xml.Serialization.GeneratedAssembly.XmlSerializationReaderObjDef.Read9_ImageFromMappings(Boolean isNullable, Boolean checkType)
   at Microsoft.Xml.Serialization.GeneratedAssembly.XmlSerializationReaderObjDef.Read12_ImageList(Boolean isNullable, Boolean checkType)
   at Microsoft.Xml.Serialization.GeneratedAssembly.XmlSerializationReaderObjDef.Read32_ObjDef(Boolean isNullable, Boolean checkType)
   at Microsoft.Xml.Serialization.GeneratedAssembly.XmlSerializationReaderObjDef.Read33_ObjDef()
   --- End of inner exception stack trace ---
   at System.Xml.Serialization.XmlSerializer.Deserialize(XmlReader xmlReader, String encodingStyle, XmlDeserializationEvents events)
   at SonicRetro.SonLVL.API.XMLDef.ObjDef.Load(String filename) in D:\Programs\SonLVL\SonLVLAPI\XMLDef.cs:line 51
   at SonicRetro.SonLVL.API.XMLObjectDefinition.Init(ObjectData data) in D:\Programs\SonLVL\SonLVLAPI\ObjectDefinition.cs:line 692
   at SonicRetro.SonLVL.API.LevelData.<>c__DisplayClass102_0.<InitObjectDefinitions>b__0(KeyValuePair`2 group) in D:\Programs\SonLVL\SonLVLAPI\LevelData.cs:line 1578
   at System.Threading.Tasks.Parallel.<>c__DisplayClass42_0`2.<PartitionerForEachWorker>b__1()
   at System.Threading.Tasks.Task.InnerInvoke()
   at System.Threading.Tasks.Task.InnerInvokeWithArg(Task childTask)
   at System.Threading.Tasks.Task.<>c__DisplayClass176_0.<ExecuteSelfReplicating>b__0(Object <p0>)<---

---> (Inner Exception #1) System.IO.FileNotFoundException: Could not find file '\\Mac\Home\Documents\installers\game disassemblies\Sonic 2\Sonic 2 Orion's Build\mappings\sprite\objAC.bin'.
File name: '\\Mac\Home\Documents\installers\game disassemblies\Sonic 2\Sonic 2 Orion's Build\mappings\sprite\objAC.bin'
   at System.IO.__Error.WinIOError(Int32 errorCode, String maybeFullPath)
   at System.IO.FileStream.Init(String path, FileMode mode, FileAccess access, Int32 rights, Boolean useRights, FileShare share, Int32 bufferSize, FileOptions options, SECURITY_ATTRIBUTES secAttrs, String msgPath, Boolean bFromProxy, Boolean useLongPath, Boolean checkHost)
   at System.IO.FileStream..ctor(String path, FileMode mode, FileAccess access, FileShare share, Int32 bufferSize, FileOptions options, String msgPath, Boolean bFromProxy, Boolean useLongPath, Boolean checkHost)
   at System.IO.File.InternalReadAllBytes(String path, Boolean checkHost)
   at System.IO.File.ReadAllBytes(String path)
   at SonicRetro.SonLVL.API.XMLObjectDefinition.Init(ObjectData data) in D:\Programs\SonLVL\SonLVLAPI\ObjectDefinition.cs:line 710
   at SonicRetro.SonLVL.API.LevelData.<>c__DisplayClass102_0.<InitObjectDefinitions>b__0(KeyValuePair`2 group) in D:\Programs\SonLVL\SonLVLAPI\LevelData.cs:line 1578
   at System.Threading.Tasks.Parallel.<>c__DisplayClass42_0`2.<PartitionerForEachWorker>b__1()
   at System.Threading.Tasks.Task.InnerInvoke()
   at System.Threading.Tasks.Task.InnerInvokeWithArg(Task childTask)
   at System.Threading.Tasks.Task.<>c__DisplayClass176_0.<ExecuteSelfReplicating>b__0(Object <p0>)<---

Loading Sky Chase Zone...
Loading palette file "../art/palettes/SonicAndTails.bin"...
Source: 0 Destination: 0 Length: 16
Loading 16x16 blocks from file "../mappings/16x16/WFZ_SCZ.bin", using compression Kosinski...
Loading 8x8 tiles from file "../art/kosinski/WFZ_SCZ.bin", using compression Kosinski...
Loading 128x128 chunks from file "../mappings/128x128/WFZ_SCZ.bin", using compression Kosinski...
Loading layout from file "../level/layout/SCZ.bin", using compression Kosinski...
Loading palette file "../art/palettes/SCZ.bin"...
Source: 0 Destination: 16 Length: 48
Loading layout from file "../level/layout/WFZ.bin", using compression Kosinski...
Loading object definition file "obj.ini".
Loading object definition file "objSCZ.ini".
Loading ObjectDefinition type S2ObjectDefinitions.Common.PathSwapper from "Common\PathSwapper.cs"...
Compiling code file...
Loading ObjectDefinition type S2ObjectDefinitions.Common.InvisibleBlock from "Common\InvisibleBlock.cs"...
Loading type from cached assembly "dllcache\S2ObjectDefinitions.Common.InvisibleBlock.dll"...
Loading type from cached assembly "dllcache\S2ObjectDefinitions.Common.Spikes.dll"...
Compile failed.
Errors:
\\mac\home\Documents\installers\game disassemblies\Sonic 2\Sonic 2 Orion's Build\SonLVL INI Files\Common\PathSwapper.cs(30,25) : error CS1502: The best overloaded method match for 'SonicRetro.SonLVL.API.ObjectHelper.MapToBmp(byte[], byte[], int, int, bool, SonicRetro.SonLVL.API.EngineVersion)' has some invalid arguments
\\mac\home\Documents\installers\game disassemblies\Sonic 2\Sonic 2 Orion's Build\SonLVL INI Files\Common\PathSwapper.cs(30,56) : error CS1503: Argument 2: cannot convert from 'string' to 'byte[]'

System.AggregateException: One or more errors occurred. ---> System.InvalidOperationException: There is an error in XML document (6, 16). ---> System.InvalidOperationException: Instance validation error: 'asm' is not a valid value for MapFileType.
   at Microsoft.Xml.Serialization.GeneratedAssembly.XmlSerializationReaderObjDef.Read6_MapFileType(String s)
   at Microsoft.Xml.Serialization.GeneratedAssembly.XmlSerializationReaderObjDef.Read8_MapFile(Boolean isNullable, Boolean checkType)
   at Microsoft.Xml.Serialization.GeneratedAssembly.XmlSerializationReaderObjDef.Read9_ImageFromMappings(Boolean isNullable, Boolean checkType)
   at Microsoft.Xml.Serialization.GeneratedAssembly.XmlSerializationReaderObjDef.Read12_ImageList(Boolean isNullable, Boolean checkType)
   at Microsoft.Xml.Serialization.GeneratedAssembly.XmlSerializationReaderObjDef.Read32_ObjDef(Boolean isNullable, Boolean checkType)
   at Microsoft.Xml.Serialization.GeneratedAssembly.XmlSerializationReaderObjDef.Read33_ObjDef()
   --- End of inner exception stack trace ---
   at System.Xml.Serialization.XmlSerializer.Deserialize(XmlReader xmlReader, String encodingStyle, XmlDeserializationEvents events)
   at SonicRetro.SonLVL.API.XMLDef.ObjDef.Load(String filename) in D:\Programs\SonLVL\SonLVLAPI\XMLDef.cs:line 51
   at SonicRetro.SonLVL.API.XMLObjectDefinition.Init(ObjectData data) in D:\Programs\SonLVL\SonLVLAPI\ObjectDefinition.cs:line 692
   at SonicRetro.SonLVL.API.LevelData.<>c__DisplayClass102_0.<InitObjectDefinitions>b__0(KeyValuePair`2 group) in D:\Programs\SonLVL\SonLVLAPI\LevelData.cs:line 1578
   at System.Threading.Tasks.Parallel.<>c__DisplayClass42_0`2.<PartitionerForEachWorker>b__1()
   at System.Threading.Tasks.Task.InnerInvoke()
   at System.Threading.Tasks.Task.InnerInvokeWithArg(Task childTask)
   at System.Threading.Tasks.Task.<>c__DisplayClass176_0.<ExecuteSelfReplicating>b__0(Object <p0>)
   --- End of inner exception stack trace ---
   at System.Threading.Tasks.Task.ThrowIfExceptional(Boolean includeTaskCanceledExceptions)
   at System.Threading.Tasks.Task.Wait(Int32 millisecondsTimeout, CancellationToken cancellationToken)
   at System.Threading.Tasks.Task.Wait()
   at System.Threading.Tasks.Parallel.PartitionerForEachWorker[TSource,TLocal](Partitioner`1 source, ParallelOptions parallelOptions, Action`1 simpleBody, Action`2 bodyWithState, Action`3 bodyWithStateAndIndex, Func`4 bodyWithStateAndLocal, Func`5 bodyWithEverything, Func`1 localInit, Action`1 localFinally)
   at System.Threading.Tasks.Parallel.ForEachWorker[TSource,TLocal](IEnumerable`1 source, ParallelOptions parallelOptions, Action`1 body, Action`2 bodyWithState, Action`3 bodyWithStateAndIndex, Func`4 bodyWithStateAndLocal, Func`5 bodyWithEverything, Func`1 localInit, Action`1 localFinally)
   at System.Threading.Tasks.Parallel.ForEach[TSource](IEnumerable`1 source, Action`1 body)
   at SonicRetro.SonLVL.API.LevelData.InitObjectDefinitions() in D:\Programs\SonLVL\SonLVLAPI\LevelData.cs:line 1505
   at SonicRetro.SonLVL.API.LevelData.LoadLevel(String levelname, Boolean loadGraphics) in D:\Programs\SonLVL\SonLVLAPI\LevelData.cs:line 319
   at SonicRetro.SonLVL.GUI.MainForm.backgroundLevelLoader_DoWork(Object sender, DoWorkEventArgs e) in D:\Programs\SonLVL\SonLVL\MainForm.cs:line 574
---> (Inner Exception #0) System.InvalidOperationException: There is an error in XML document (6, 16). ---> System.InvalidOperationException: Instance validation error: 'asm' is not a valid value for MapFileType.
   at Microsoft.Xml.Serialization.GeneratedAssembly.XmlSerializationReaderObjDef.Read6_MapFileType(String s)
   at Microsoft.Xml.Serialization.GeneratedAssembly.XmlSerializationReaderObjDef.Read8_MapFile(Boolean isNullable, Boolean checkType)
   at Microsoft.Xml.Serialization.GeneratedAssembly.XmlSerializationReaderObjDef.Read9_ImageFromMappings(Boolean isNullable, Boolean checkType)
   at Microsoft.Xml.Serialization.GeneratedAssembly.XmlSerializationReaderObjDef.Read12_ImageList(Boolean isNullable, Boolean checkType)
   at Microsoft.Xml.Serialization.GeneratedAssembly.XmlSerializationReaderObjDef.Read32_ObjDef(Boolean isNullable, Boolean checkType)
   at Microsoft.Xml.Serialization.GeneratedAssembly.XmlSerializationReaderObjDef.Read33_ObjDef()
   --- End of inner exception stack trace ---
   at System.Xml.Serialization.XmlSerializer.Deserialize(XmlReader xmlReader, String encodingStyle, XmlDeserializationEvents events)
   at SonicRetro.SonLVL.API.XMLDef.ObjDef.Load(String filename) in D:\Programs\SonLVL\SonLVLAPI\XMLDef.cs:line 51
   at SonicRetro.SonLVL.API.XMLObjectDefinition.Init(ObjectData data) in D:\Programs\SonLVL\SonLVLAPI\ObjectDefinition.cs:line 692
   at SonicRetro.SonLVL.API.LevelData.<>c__DisplayClass102_0.<InitObjectDefinitions>b__0(KeyValuePair`2 group) in D:\Programs\SonLVL\SonLVLAPI\LevelData.cs:line 1578
   at System.Threading.Tasks.Parallel.<>c__DisplayClass42_0`2.<PartitionerForEachWorker>b__1()
   at System.Threading.Tasks.Task.InnerInvoke()
   at System.Threading.Tasks.Task.InnerInvokeWithArg(Task childTask)
   at System.Threading.Tasks.Task.<>c__DisplayClass176_0.<ExecuteSelfReplicating>b__0(Object <p0>)<---

